<!DOCTYPE html>

<html>
  <head>
  <meta charset='utf-8'>
  <title>TestNG reports</title>

    <link type="text/css" href="testng-reports1.css" rel="stylesheet" id="ultra" />
    <link type="text/css" href="testng-reports.css" rel="stylesheet" id="retro" disabled="false"/>
    <script type="text/javascript" src="jquery-3.6.0.min.js"></script>
    <script type="text/javascript" src="testng-reports.js"></script>
    <script type="text/javascript" src="https://www.google.com/jsapi"></script>
    <script type='text/javascript'>
      google.load('visualization', '1', {packages:['table']});
      google.setOnLoadCallback(drawTable);
      var suiteTableInitFunctions = new Array();
      var suiteTableData = new Array();
    </script>
    <!--
      <script type="text/javascript" src="jquery-ui/js/jquery-ui-1.8.16.custom.min.js"></script>
     -->
  </head>

  <body>    <div class="top-banner-root">
      <span class="top-banner-title-font">Test results</span>
      <button id="button" class="button">Switch Retro Theme</button> <!-- button -->
      <br/>
      <span class="top-banner-font-1">1 suite, 21 failed tests</span>
    </div> <!-- top-banner-root -->
    <div class="navigator-root">
      <div class="navigator-suite-header">
        <span>All suites</span>
        <a href="#" title="Collapse/expand all the suites" class="collapse-all-link">
          <img src="collapseall.gif" class="collapse-all-icon">
          </img> <!-- collapse-all-icon -->
        </a> <!-- collapse-all-link -->
      </div> <!-- navigator-suite-header -->
      <div class="suite">
        <div class="rounded-window">
          <div class="suite-header light-rounded-window-top">
            <a href="#" panel-name="suite-Banking_Automation" class="navigator-link">
              <span class="suite-name border-failed">Banking Automation</span>
            </a> <!-- navigator-link -->
          </div> <!-- suite-header light-rounded-window-top -->
          <div class="navigator-suite-content">
            <div class="suite-section-title">
              <span>Info</span>
            </div> <!-- suite-section-title -->
            <div class="suite-section-content">
              <ul>
                <li>
                  <a href="#" panel-name="test-xml-Banking_Automation" class="navigator-link ">
                    <span>C:\Users\DELL\Desktop\jun11\Banking_automation\testng.xml</span>
                  </a> <!-- navigator-link  -->
                </li>
                <li>
                  <a href="#" panel-name="testlist-Banking_Automation" class="navigator-link ">
                    <span class="test-stats">1 test</span>
                  </a> <!-- navigator-link  -->
                </li>
                <li>
                  <a href="#" panel-name="group-Banking_Automation" class="navigator-link ">
                    <span>0 groups</span>
                  </a> <!-- navigator-link  -->
                </li>
                <li>
                  <a href="#" panel-name="times-Banking_Automation" class="navigator-link ">
                    <span>Times</span>
                  </a> <!-- navigator-link  -->
                </li>
                <li>
                  <a href="#" panel-name="reporter-Banking_Automation" class="navigator-link ">
                    <span>Reporter output</span>
                  </a> <!-- navigator-link  -->
                </li>
                <li>
                  <a href="#" panel-name="ignored-methods-Banking_Automation" class="navigator-link ">
                    <span>Ignored methods</span>
                  </a> <!-- navigator-link  -->
                </li>
                <li>
                  <a href="#" panel-name="chronological-Banking_Automation" class="navigator-link ">
                    <span>Chronological view</span>
                  </a> <!-- navigator-link  -->
                </li>
              </ul>
            </div> <!-- suite-section-content -->
            <div class="result-section">
              <div class="suite-section-title">
                <span>Results</span>
              </div> <!-- suite-section-title -->
              <div class="suite-section-content">
                <ul>
                  <li>
                    <span class="method-stats">41 methods, 21 failed,   20 passed</span>
                  </li>
                  <li>
                    <span class="method-list-title failed">Failed methods</span>
                    <span class="show-or-hide-methods failed">
                      <a href="#" panel-name="suite-Banking_Automation" class="hide-methods failed suite-Banking_Automation"> (hide)</a> <!-- hide-methods failed suite-Banking_Automation -->
                      <a href="#" panel-name="suite-Banking_Automation" class="show-methods failed suite-Banking_Automation"> (show)</a> <!-- show-methods failed suite-Banking_Automation -->
                    </span>
                    <div class="method-list-content failed suite-Banking_Automation">
                      <span>
                        <img src="failed.png" width="3%"/>
                        <a href="#" panel-name="suite-Banking_Automation" title="com.banking.test.HomepageTest" class="method navigator-link" hash-for-method="VerifyChnagePassrPage_Test">VerifyChnagePassrPage_Test</a> <!-- method navigator-link -->
                      </span>
                      <br/>
                      <span>
                        <img src="failed.png" width="3%"/>
                        <a href="#" panel-name="suite-Banking_Automation" title="com.banking.test.HomepageTest" class="method navigator-link" hash-for-method="VerifyFundTransferPage_Test">VerifyFundTransferPage_Test</a> <!-- method navigator-link -->
                      </span>
                      <br/>
                      <span>
                        <img src="failed.png" width="3%"/>
                        <a href="#" panel-name="suite-Banking_Automation" title="com.banking.test.HomepageTest" class="method navigator-link" hash-for-method="VerifyLogoutButton_test">VerifyLogoutButton_test</a> <!-- method navigator-link -->
                      </span>
                      <br/>
                      <span>
                        <img src="failed.png" width="3%"/>
                        <a href="#" panel-name="suite-Banking_Automation" title="com.banking.test.HomepageTest" class="method navigator-link" hash-for-method="VerifyWithdrawalPage_Test">VerifyWithdrawalPage_Test</a> <!-- method navigator-link -->
                      </span>
                      <br/>
                      <span>
                        <img src="failed.png" width="3%"/>
                        <a href="#" panel-name="suite-Banking_Automation" title="com.banking.test.LoginTest" class="method navigator-link" hash-for-method="invalid_credentials_test( , parag111)">invalid_credentials_test( , parag111)</a> <!-- method navigator-link -->
                      </span>
                      <br/>
                      <span>
                        <img src="failed.png" width="3%"/>
                        <a href="#" panel-name="suite-Banking_Automation" title="com.banking.test.LoginTest" class="method navigator-link" hash-for-method="invalid_credentials_test( ,  )">invalid_credentials_test( ,  )</a> <!-- method navigator-link -->
                      </span>
                      <br/>
                      <span>
                        <img src="failed.png" width="3%"/>
                        <a href="#" panel-name="suite-Banking_Automation" title="com.banking.test.LoginTest" class="method navigator-link" hash-for-method="invalid_credentials_test( mngr625124, upEsYvA)">invalid_credentials_test( mngr625124, upEsYvA)</a> <!-- method navigator-link -->
                      </span>
                      <br/>
                      <span>
                        <img src="failed.png" width="3%"/>
                        <a href="#" panel-name="suite-Banking_Automation" title="com.banking.test.LoginTest" class="method navigator-link" hash-for-method="invalid_credentials_test(parag 122,  )">invalid_credentials_test(parag 122,  )</a> <!-- method navigator-link -->
                      </span>
                      <br/>
                      <span>
                        <img src="failed.png" width="3%"/>
                        <a href="#" panel-name="suite-Banking_Automation" title="com.banking.test.LoginTest" class="method navigator-link" hash-for-method="invalid_credentials_test(paragk, parag111)">invalid_credentials_test(paragk, parag111)</a> <!-- method navigator-link -->
                      </span>
                      <br/>
                      <span>
                        <img src="failed.png" width="3%"/>
                        <a href="#" panel-name="suite-Banking_Automation" title="com.banking.test.LoginTest" class="method navigator-link" hash-for-method="reset_button">reset_button</a> <!-- method navigator-link -->
                      </span>
                      <br/>
                      <span>
                        <img src="failed.png" width="3%"/>
                        <a href="#" panel-name="suite-Banking_Automation" title="com.banking.test.EditCustomerTest" class="method navigator-link" hash-for-method="validateEditCustomerForm_field_Test( !@#$%,  Special characters are not allowed)">validateEditCustomerForm_field_Test( !@#$%,  Special characters are not allowed)</a> <!-- method navigator-link -->
                      </span>
                      <br/>
                      <span>
                        <img src="failed.png" width="3%"/>
                        <a href="#" panel-name="suite-Banking_Automation" title="com.banking.test.EditCustomerTest" class="method navigator-link" hash-for-method="validateEditCustomerForm_field_Test(99229922, Customer ID is required)">validateEditCustomerForm_field_Test(99229922, Customer ID is required)</a> <!-- method navigator-link -->
                      </span>
                      <br/>
                      <span>
                        <img src="failed.png" width="3%"/>
                        <a href="#" panel-name="suite-Banking_Automation" title="com.banking.test.EditCustomerTest" class="method navigator-link" hash-for-method="validateEditCustomerForm_field_Test(, )">validateEditCustomerForm_field_Test(, )</a> <!-- method navigator-link -->
                      </span>
                      <br/>
                      <span>
                        <img src="failed.png" width="3%"/>
                        <a href="#" panel-name="suite-Banking_Automation" title="com.banking.test.EditCustomerTest" class="method navigator-link" hash-for-method="validateEditCustomerForm_field_Test(9309975, First character can not have space)">validateEditCustomerForm_field_Test(9309975, First character can not have space)</a> <!-- method navigator-link -->
                      </span>
                      <br/>
                      <span>
                        <img src="failed.png" width="3%"/>
                        <a href="#" panel-name="suite-Banking_Automation" title="com.banking.test.ChangePwdTest" class="method navigator-link" hash-for-method="validate_chng_pwd_test(123456, abcd, abcdef, Old Password is incorrect)">validate_chng_pwd_test(123456, abcd, abcdef, Old Password is incorrect)</a> <!-- method navigator-link -->
                      </span>
                      <br/>
                      <span>
                        <img src="failed.png" width="3%"/>
                        <a href="#" panel-name="suite-Banking_Automation" title="com.banking.test.ChangePwdTest" class="method navigator-link" hash-for-method="validate_chng_pwd_test( &quot; &quot;, , 123456, Please fill all fields)">validate_chng_pwd_test( " ", , 123456, Please fill all fields)</a> <!-- method navigator-link -->
                      </span>
                      <br/>
                      <span>
                        <img src="failed.png" width="3%"/>
                        <a href="#" panel-name="suite-Banking_Automation" title="com.banking.test.ChangePwdTest" class="method navigator-link" hash-for-method="validate_chng_pwd_test(12345678, 2345678@, 2345678@, Old password is incorrrect)">validate_chng_pwd_test(12345678, 2345678@, 2345678@, Old password is incorrrect)</a> <!-- method navigator-link -->
                      </span>
                      <br/>
                      <span>
                        <img src="failed.png" width="3%"/>
                        <a href="#" panel-name="suite-Banking_Automation" title="com.banking.test.NewAccountTest" class="method navigator-link" hash-for-method="verify_New_Accountform_Test(1111, 800)">verify_New_Accountform_Test(1111, 800)</a> <!-- method navigator-link -->
                      </span>
                      <br/>
                      <span>
                        <img src="failed.png" width="3%"/>
                        <a href="#" panel-name="suite-Banking_Automation" title="com.banking.test.NewAccountTest" class="method navigator-link" hash-for-method="verify_New_Accountform_Test(1111, 700)">verify_New_Accountform_Test(1111, 700)</a> <!-- method navigator-link -->
                      </span>
                      <br/>
                      <span>
                        <img src="failed.png" width="3%"/>
                        <a href="#" panel-name="suite-Banking_Automation" title="com.banking.test.NewAccountTest" class="method navigator-link" hash-for-method="verify_New_Accountform_Test(11111, 600)">verify_New_Accountform_Test(11111, 600)</a> <!-- method navigator-link -->
                      </span>
                      <br/>
                      <span>
                        <img src="failed.png" width="3%"/>
                        <a href="#" panel-name="suite-Banking_Automation" title="com.banking.test.NewAccountTest" class="method navigator-link" hash-for-method="verify_New_Accountform_Test(12345, 500)">verify_New_Accountform_Test(12345, 500)</a> <!-- method navigator-link -->
                      </span>
                      <br/>
                    </div> <!-- method-list-content failed suite-Banking_Automation -->
                  </li>
                  <li>
                    <span class="method-list-title passed">Passed methods</span>
                    <span class="show-or-hide-methods passed">
                      <a href="#" panel-name="suite-Banking_Automation" class="hide-methods passed suite-Banking_Automation"> (hide)</a> <!-- hide-methods passed suite-Banking_Automation -->
                      <a href="#" panel-name="suite-Banking_Automation" class="show-methods passed suite-Banking_Automation"> (show)</a> <!-- show-methods passed suite-Banking_Automation -->
                    </span>
                    <div class="method-list-content passed suite-Banking_Automation">
                      <span>
                        <img src="passed.png" width="3%"/>
                        <a href="#" panel-name="suite-Banking_Automation" title="com.banking.test.NewCustomerTest" class="method navigator-link" hash-for-method="Validate_addCustomer_Form_Test">Validate_addCustomer_Form_Test</a> <!-- method navigator-link -->
                      </span>
                      <br/>
                      <span>
                        <img src="passed.png" width="3%"/>
                        <a href="#" panel-name="suite-Banking_Automation" title="com.banking.test.HomepageTest" class="method navigator-link" hash-for-method="VerifyBalEnquiryPage_Test">VerifyBalEnquiryPage_Test</a> <!-- method navigator-link -->
                      </span>
                      <br/>
                      <span>
                        <img src="passed.png" width="3%"/>
                        <a href="#" panel-name="suite-Banking_Automation" title="com.banking.test.HomepageTest" class="method navigator-link" hash-for-method="VerifyCustomizeStatementPage_Test">VerifyCustomizeStatementPage_Test</a> <!-- method navigator-link -->
                      </span>
                      <br/>
                      <span>
                        <img src="passed.png" width="3%"/>
                        <a href="#" panel-name="suite-Banking_Automation" title="com.banking.test.HomepageTest" class="method navigator-link" hash-for-method="VerifyEditCustmerPage_Test">VerifyEditCustmerPage_Test</a> <!-- method navigator-link -->
                      </span>
                      <br/>
                      <span>
                        <img src="passed.png" width="3%"/>
                        <a href="#" panel-name="suite-Banking_Automation" title="com.banking.test.HomepageTest" class="method navigator-link" hash-for-method="VerifyMiniStatementPage_Test">VerifyMiniStatementPage_Test</a> <!-- method navigator-link -->
                      </span>
                      <br/>
                      <span>
                        <img src="passed.png" width="3%"/>
                        <a href="#" panel-name="suite-Banking_Automation" title="com.banking.test.HomepageTest" class="method navigator-link" hash-for-method="VerifyNewCustmerPage_Test">VerifyNewCustmerPage_Test</a> <!-- method navigator-link -->
                      </span>
                      <br/>
                      <span>
                        <img src="passed.png" width="3%"/>
                        <a href="#" panel-name="suite-Banking_Automation" title="com.banking.test.LoginTest" class="method navigator-link" hash-for-method="loginValidCredentials_test">loginValidCredentials_test</a> <!-- method navigator-link -->
                      </span>
                      <br/>
                      <span>
                        <img src="passed.png" width="3%"/>
                        <a href="#" panel-name="suite-Banking_Automation" title="com.banking.test.LoginTest" class="method navigator-link" hash-for-method="login_page_title">login_page_title</a> <!-- method navigator-link -->
                      </span>
                      <br/>
                      <span>
                        <img src="passed.png" width="3%"/>
                        <a href="#" panel-name="suite-Banking_Automation" title="com.banking.test.EditCustomerTest" class="method navigator-link" hash-for-method="redirectHome_Test">redirectHome_Test</a> <!-- method navigator-link -->
                      </span>
                      <br/>
                      <span>
                        <img src="passed.png" width="3%"/>
                        <a href="#" panel-name="suite-Banking_Automation" title="com.banking.test.EditCustomerTest" class="method navigator-link" hash-for-method="validateEditCustomerForm_field_Test(, Customer ID is required)">validateEditCustomerForm_field_Test(, Customer ID is required)</a> <!-- method navigator-link -->
                      </span>
                      <br/>
                      <span>
                        <img src="passed.png" width="3%"/>
                        <a href="#" panel-name="suite-Banking_Automation" title="com.banking.test.EditCustomerTest" class="method navigator-link" hash-for-method="validateEditCustomerForm_field_Test(abcdefg, Characters are not allowed)">validateEditCustomerForm_field_Test(abcdefg, Characters are not allowed)</a> <!-- method navigator-link -->
                      </span>
                      <br/>
                      <span>
                        <img src="passed.png" width="3%"/>
                        <a href="#" panel-name="suite-Banking_Automation" title="com.banking.test.NewCustomerTest" class="method navigator-link" hash-for-method="validateformfield_test(parag kakad , Nashik , Nashik,  , 422003, 9422982240, kakad@gmail.com, parag127)">validateformfield_test(parag kakad , Nashik , Nashik,  , 422003, 9422982240, kakad@gmail.com, parag127)</a> <!-- method navigator-link -->
                      </span>
                      <br/>
                      <span>
                        <img src="passed.png" width="3%"/>
                        <a href="#" panel-name="suite-Banking_Automation" title="com.banking.test.NewCustomerTest" class="method navigator-link" hash-for-method="validateformfield_test(parag kakad , Nashik ,  , MH, 422003, 9422982240, kakad@gmail.com, parag126)">validateformfield_test(parag kakad , Nashik ,  , MH, 422003, 9422982240, kakad@gmail.com, parag126)</a> <!-- method navigator-link -->
                      </span>
                      <br/>
                      <span>
                        <img src="passed.png" width="3%"/>
                        <a href="#" panel-name="suite-Banking_Automation" title="com.banking.test.NewCustomerTest" class="method navigator-link" hash-for-method="validateformfield_test(parag kakad , Nashik , Nashik, MH, 422003, 9422982240, kakad@gmail.com,  )">validateformfield_test(parag kakad , Nashik , Nashik, MH, 422003, 9422982240, kakad@gmail.com,  )</a> <!-- method navigator-link -->
                      </span>
                      <br/>
                      <span>
                        <img src="passed.png" width="3%"/>
                        <a href="#" panel-name="suite-Banking_Automation" title="com.banking.test.NewCustomerTest" class="method navigator-link" hash-for-method="validateformfield_test(parag kakad , Nashik , Nashik, MH, 422003,  , , parag129)">validateformfield_test(parag kakad , Nashik , Nashik, MH, 422003,  , , parag129)</a> <!-- method navigator-link -->
                      </span>
                      <br/>
                      <span>
                        <img src="passed.png" width="3%"/>
                        <a href="#" panel-name="suite-Banking_Automation" title="com.banking.test.NewCustomerTest" class="method navigator-link" hash-for-method="validateformfield_test(parag kakad , Nashik , Nashik, MH, 422003, 9422982240, kakad@gmail.com, parag123)">validateformfield_test(parag kakad , Nashik , Nashik, MH, 422003, 9422982240, kakad@gmail.com, parag123)</a> <!-- method navigator-link -->
                      </span>
                      <br/>
                      <span>
                        <img src="passed.png" width="3%"/>
                        <a href="#" panel-name="suite-Banking_Automation" title="com.banking.test.NewCustomerTest" class="method navigator-link" hash-for-method="validateformfield_test( , Nashik , Nashik, MH, 422003, 9422982240, kakad@gmail.com, parag124)">validateformfield_test( , Nashik , Nashik, MH, 422003, 9422982240, kakad@gmail.com, parag124)</a> <!-- method navigator-link -->
                      </span>
                      <br/>
                      <span>
                        <img src="passed.png" width="3%"/>
                        <a href="#" panel-name="suite-Banking_Automation" title="com.banking.test.NewCustomerTest" class="method navigator-link" hash-for-method="validateformfield_test(parag kakad , Nashik , Nashik, MH,  , 9422982240, kakad@gmail.com, parag128)">validateformfield_test(parag kakad , Nashik , Nashik, MH,  , 9422982240, kakad@gmail.com, parag128)</a> <!-- method navigator-link -->
                      </span>
                      <br/>
                      <span>
                        <img src="passed.png" width="3%"/>
                        <a href="#" panel-name="suite-Banking_Automation" title="com.banking.test.NewCustomerTest" class="method navigator-link" hash-for-method="validateformfield_test(parag kakad ,  , Nashik, MH, 422003, 9422982240, kakad@gmail.com, parag125)">validateformfield_test(parag kakad ,  , Nashik, MH, 422003, 9422982240, kakad@gmail.com, parag125)</a> <!-- method navigator-link -->
                      </span>
                      <br/>
                      <span>
                        <img src="passed.png" width="3%"/>
                        <a href="#" panel-name="suite-Banking_Automation" title="com.banking.test.HomepageTest" class="method navigator-link" hash-for-method="verifyHomePagetitle_Test">verifyHomePagetitle_Test</a> <!-- method navigator-link -->
                      </span>
                      <br/>
                    </div> <!-- method-list-content passed suite-Banking_Automation -->
                  </li>
                </ul>
              </div> <!-- suite-section-content -->
            </div> <!-- result-section -->
          </div> <!-- navigator-suite-content -->
        </div> <!-- rounded-window -->
      </div> <!-- suite -->
    </div> <!-- navigator-root -->
    <div class="wrapper">
      <div class="main-panel-root">
        <div panel-name="suite-Banking_Automation" class="panel Banking_Automation">
          <div class="suite-Banking_Automation-class-failed">
            <div class="main-panel-header rounded-window-top">
              <img src="failed.png"/>
              <span class="class-name">com.banking.test.NewAccountTest</span>
            </div> <!-- main-panel-header rounded-window-top -->
            <div class="main-panel-content rounded-window-bottom">
              <div class="method">
                <div class="method-content">
                  <a name="verify_New_Accountform_Test(1111, 800)">
                  </a> <!-- verify_New_Accountform_Test(1111, 800) -->
                  <span class="method-name">verify_New_Accountform_Test</span>
                  <span class="parameters">(1111,800)</span>
                  <div class="stack-trace">org.openqa.selenium.NoAlertPresentException: no such alert
  (Session info: chrome=137.0.7151.120)
Build info: version: &apos;4.33.0&apos;, revision: &apos;2c6aaad03a&apos;
System info: os.name: &apos;Windows 11&apos;, os.arch: &apos;amd64&apos;, os.version: &apos;10.0&apos;, java.version: &apos;17.0.10&apos;
Driver info: org.openqa.selenium.chrome.ChromeDriver
Command: [cc867f908ac6339f33ad3b7105ce91d0, getAlertText {}]
Capabilities {acceptInsecureCerts: false, browserName: chrome, browserVersion: 137.0.7151.120, chrome: {chromedriverVersion: 137.0.7151.119 (e0ac9d12dff..., userDataDir: C:\Users\DELL\AppData\Local...}, fedcm:accounts: true, goog:chromeOptions: {debuggerAddress: localhost:57339}, networkConnectionEnabled: false, pageLoadStrategy: normal, platformName: windows, proxy: Proxy(), se:cdp: ws://localhost:57339/devtoo..., se:cdpVersion: 137.0.7151.120, setWindowRect: true, strictFileInteractability: false, timeouts: {implicit: 0, pageLoad: 300000, script: 30000}, unhandledPromptBehavior: dismiss and notify, webauthn:extension:credBlob: true, webauthn:extension:largeBlob: true, webauthn:extension:minPinLength: true, webauthn:extension:prf: true, webauthn:virtualAuthenticators: true}
Session ID: cc867f908ac6339f33ad3b7105ce91d0
	at org.openqa.selenium.remote.ErrorCodec.decode(ErrorCodec.java:167)
	at org.openqa.selenium.remote.codec.w3c.W3CHttpResponseCodec.decode(W3CHttpResponseCodec.java:138)
	at org.openqa.selenium.remote.codec.w3c.W3CHttpResponseCodec.decode(W3CHttpResponseCodec.java:50)
	at org.openqa.selenium.remote.HttpCommandExecutor.execute(HttpCommandExecutor.java:215)
	at org.openqa.selenium.remote.service.DriverCommandExecutor.invokeExecute(DriverCommandExecutor.java:216)
	at org.openqa.selenium.remote.service.DriverCommandExecutor.execute(DriverCommandExecutor.java:174)
	at org.openqa.selenium.remote.RemoteWebDriver.execute(RemoteWebDriver.java:544)
	at org.openqa.selenium.remote.RemoteWebDriver.execute(RemoteWebDriver.java:617)
	at org.openqa.selenium.remote.RemoteWebDriver.execute(RemoteWebDriver.java:621)
	at org.openqa.selenium.remote.RemoteWebDriver$RemoteTargetLocator.alert(RemoteWebDriver.java:1175)
	at com.util.TestUtil.handleAlert(TestUtil.java:53)
	at com.banking.test.NewAccountTest.verify_New_Accountform_Test(NewAccountTest.java:42)
	at java.base/java.util.ArrayList.forEach(ArrayList.java:1511)
... Removed 32 stack frames
</div> <!-- stack-trace -->
                </div> <!-- method-content -->
              </div> <!-- method -->
              <div class="method">
                <div class="method-content">
                  <a name="verify_New_Accountform_Test(1111, 700)">
                  </a> <!-- verify_New_Accountform_Test(1111, 700) -->
                  <span class="method-name">verify_New_Accountform_Test</span>
                  <span class="parameters">(1111,700)</span>
                  <div class="stack-trace">org.openqa.selenium.UnhandledAlertException: unexpected alert open: {Alert text : Customer does not exist!!}
  (Session info: chrome=137.0.7151.120): Customer does not exist!!
Build info: version: &apos;4.33.0&apos;, revision: &apos;2c6aaad03a&apos;
System info: os.name: &apos;Windows 11&apos;, os.arch: &apos;amd64&apos;, os.version: &apos;10.0&apos;, java.version: &apos;17.0.10&apos;
Driver info: org.openqa.selenium.chrome.ChromeDriver
Command: [cc867f908ac6339f33ad3b7105ce91d0, findElement {using=xpath, value=//input[@name=&apos;cusid&apos;]}]
Capabilities {acceptInsecureCerts: false, browserName: chrome, browserVersion: 137.0.7151.120, chrome: {chromedriverVersion: 137.0.7151.119 (e0ac9d12dff..., userDataDir: C:\Users\DELL\AppData\Local...}, fedcm:accounts: true, goog:chromeOptions: {debuggerAddress: localhost:57339}, networkConnectionEnabled: false, pageLoadStrategy: normal, platformName: windows, proxy: Proxy(), se:cdp: ws://localhost:57339/devtoo..., se:cdpVersion: 137.0.7151.120, setWindowRect: true, strictFileInteractability: false, timeouts: {implicit: 0, pageLoad: 300000, script: 30000}, unhandledPromptBehavior: dismiss and notify, webauthn:extension:credBlob: true, webauthn:extension:largeBlob: true, webauthn:extension:minPinLength: true, webauthn:extension:prf: true, webauthn:virtualAuthenticators: true}
Session ID: cc867f908ac6339f33ad3b7105ce91d0
	at org.openqa.selenium.remote.codec.w3c.W3CHttpResponseCodec.decode(W3CHttpResponseCodec.java:136)
	at org.openqa.selenium.remote.codec.w3c.W3CHttpResponseCodec.decode(W3CHttpResponseCodec.java:50)
	at org.openqa.selenium.remote.HttpCommandExecutor.execute(HttpCommandExecutor.java:215)
	at org.openqa.selenium.remote.service.DriverCommandExecutor.invokeExecute(DriverCommandExecutor.java:216)
	at org.openqa.selenium.remote.service.DriverCommandExecutor.execute(DriverCommandExecutor.java:174)
	at org.openqa.selenium.remote.RemoteWebDriver.execute(RemoteWebDriver.java:544)
	at org.openqa.selenium.remote.ElementLocation$ElementFinder$2.findElement(ElementLocation.java:165)
	at org.openqa.selenium.remote.ElementLocation.findElement(ElementLocation.java:59)
	at org.openqa.selenium.remote.RemoteWebDriver.findElement(RemoteWebDriver.java:367)
	at org.openqa.selenium.remote.RemoteWebDriver.findElement(RemoteWebDriver.java:361)
	at org.openqa.selenium.support.pagefactory.DefaultElementLocator.findElement(DefaultElementLocator.java:68)
	at org.openqa.selenium.support.pagefactory.internal.LocatingElementHandler.invoke(LocatingElementHandler.java:38)
	at jdk.proxy2/jdk.proxy2.$Proxy13.clear(Unknown Source)
	at com.pages.NewAccountPage.validate_New_Account_form(NewAccountPage.java:34)
	at com.banking.test.NewAccountTest.verify_New_Accountform_Test(NewAccountTest.java:41)
	at java.base/java.util.ArrayList.forEach(ArrayList.java:1511)
... Removed 27 stack frames
</div> <!-- stack-trace -->
                </div> <!-- method-content -->
              </div> <!-- method -->
              <div class="method">
                <div class="method-content">
                  <a name="verify_New_Accountform_Test(11111, 600)">
                  </a> <!-- verify_New_Accountform_Test(11111, 600) -->
                  <span class="method-name">verify_New_Accountform_Test</span>
                  <span class="parameters">(11111,600)</span>
                  <div class="stack-trace">org.openqa.selenium.NoSuchElementException: Unable to find element with locator By.xpath: //input[@name=&apos;cusid&apos;]
For documentation on this error, please visit: https://www.selenium.dev/documentation/webdriver/troubleshooting/errors#no-such-element-exception
Build info: version: &apos;4.33.0&apos;, revision: &apos;2c6aaad03a&apos;
System info: os.name: &apos;Windows 11&apos;, os.arch: &apos;amd64&apos;, os.version: &apos;10.0&apos;, java.version: &apos;17.0.10&apos;
Driver info: driver.version: RemoteWebDriver
	at org.openqa.selenium.remote.ElementLocation$ElementFinder$2.findElement(ElementLocation.java:168)
	at org.openqa.selenium.remote.ElementLocation.findElement(ElementLocation.java:59)
	at org.openqa.selenium.remote.RemoteWebDriver.findElement(RemoteWebDriver.java:367)
	at org.openqa.selenium.remote.RemoteWebDriver.findElement(RemoteWebDriver.java:361)
	at org.openqa.selenium.support.pagefactory.DefaultElementLocator.findElement(DefaultElementLocator.java:68)
	at org.openqa.selenium.support.pagefactory.internal.LocatingElementHandler.invoke(LocatingElementHandler.java:38)
	at jdk.proxy2/jdk.proxy2.$Proxy13.clear(Unknown Source)
	at com.pages.NewAccountPage.validate_New_Account_form(NewAccountPage.java:34)
	at com.banking.test.NewAccountTest.verify_New_Accountform_Test(NewAccountTest.java:41)
	at java.base/java.util.ArrayList.forEach(ArrayList.java:1511)
... Removed 27 stack frames
</div> <!-- stack-trace -->
                </div> <!-- method-content -->
              </div> <!-- method -->
              <div class="method">
                <div class="method-content">
                  <a name="verify_New_Accountform_Test(12345, 500)">
                  </a> <!-- verify_New_Accountform_Test(12345, 500) -->
                  <span class="method-name">verify_New_Accountform_Test</span>
                  <span class="parameters">(12345,500)</span>
                  <div class="stack-trace">org.openqa.selenium.NoAlertPresentException: no such alert
  (Session info: chrome=137.0.7151.120)
Build info: version: &apos;4.33.0&apos;, revision: &apos;2c6aaad03a&apos;
System info: os.name: &apos;Windows 11&apos;, os.arch: &apos;amd64&apos;, os.version: &apos;10.0&apos;, java.version: &apos;17.0.10&apos;
Driver info: org.openqa.selenium.chrome.ChromeDriver
Command: [cc867f908ac6339f33ad3b7105ce91d0, getAlertText {}]
Capabilities {acceptInsecureCerts: false, browserName: chrome, browserVersion: 137.0.7151.120, chrome: {chromedriverVersion: 137.0.7151.119 (e0ac9d12dff..., userDataDir: C:\Users\DELL\AppData\Local...}, fedcm:accounts: true, goog:chromeOptions: {debuggerAddress: localhost:57339}, networkConnectionEnabled: false, pageLoadStrategy: normal, platformName: windows, proxy: Proxy(), se:cdp: ws://localhost:57339/devtoo..., se:cdpVersion: 137.0.7151.120, setWindowRect: true, strictFileInteractability: false, timeouts: {implicit: 0, pageLoad: 300000, script: 30000}, unhandledPromptBehavior: dismiss and notify, webauthn:extension:credBlob: true, webauthn:extension:largeBlob: true, webauthn:extension:minPinLength: true, webauthn:extension:prf: true, webauthn:virtualAuthenticators: true}
Session ID: cc867f908ac6339f33ad3b7105ce91d0
	at org.openqa.selenium.remote.ErrorCodec.decode(ErrorCodec.java:167)
	at org.openqa.selenium.remote.codec.w3c.W3CHttpResponseCodec.decode(W3CHttpResponseCodec.java:138)
	at org.openqa.selenium.remote.codec.w3c.W3CHttpResponseCodec.decode(W3CHttpResponseCodec.java:50)
	at org.openqa.selenium.remote.HttpCommandExecutor.execute(HttpCommandExecutor.java:215)
	at org.openqa.selenium.remote.service.DriverCommandExecutor.invokeExecute(DriverCommandExecutor.java:216)
	at org.openqa.selenium.remote.service.DriverCommandExecutor.execute(DriverCommandExecutor.java:174)
	at org.openqa.selenium.remote.RemoteWebDriver.execute(RemoteWebDriver.java:544)
	at org.openqa.selenium.remote.RemoteWebDriver.execute(RemoteWebDriver.java:617)
	at org.openqa.selenium.remote.RemoteWebDriver.execute(RemoteWebDriver.java:621)
	at org.openqa.selenium.remote.RemoteWebDriver$RemoteTargetLocator.alert(RemoteWebDriver.java:1175)
	at com.util.TestUtil.handleAlert(TestUtil.java:53)
	at com.banking.test.NewAccountTest.verify_New_Accountform_Test(NewAccountTest.java:42)
	at java.base/java.util.ArrayList.forEach(ArrayList.java:1511)
... Removed 32 stack frames
</div> <!-- stack-trace -->
                </div> <!-- method-content -->
              </div> <!-- method -->
            </div> <!-- main-panel-content rounded-window-bottom -->
          </div> <!-- suite-Banking_Automation-class-failed -->
          <div class="suite-Banking_Automation-class-failed">
            <div class="main-panel-header rounded-window-top">
              <img src="failed.png"/>
              <span class="class-name">com.banking.test.EditCustomerTest</span>
            </div> <!-- main-panel-header rounded-window-top -->
            <div class="main-panel-content rounded-window-bottom">
              <div class="method">
                <div class="method-content">
                  <a name="validateEditCustomerForm_field_Test( !@#$%,  Special characters are not allowed)">
                  </a> <!-- validateEditCustomerForm_field_Test( !@#$%,  Special characters are not allowed) -->
                  <span class="method-name">validateEditCustomerForm_field_Test</span>
                  <span class="parameters">( !@#$%, Special characters are not allowed)</span>
                  <div class="stack-trace">java.lang.AssertionError: expected [ Special characters are not allowed] but found [First character can not have space]
	at com.banking.test.EditCustomerTest.validateEditCustomerForm_field_Test(EditCustomerTest.java:43)
	at java.base/java.util.ArrayList.forEach(ArrayList.java:1511)
... Removed 33 stack frames
</div> <!-- stack-trace -->
                </div> <!-- method-content -->
              </div> <!-- method -->
              <div class="method">
                <div class="method-content">
                  <a name="validateEditCustomerForm_field_Test(99229922, Customer ID is required)">
                  </a> <!-- validateEditCustomerForm_field_Test(99229922, Customer ID is required) -->
                  <span class="method-name">validateEditCustomerForm_field_Test</span>
                  <span class="parameters">(99229922,Customer ID is required)</span>
                  <div class="stack-trace">java.lang.AssertionError: expected [Customer ID is required] but found []
	at com.banking.test.EditCustomerTest.validateEditCustomerForm_field_Test(EditCustomerTest.java:43)
	at java.base/java.util.ArrayList.forEach(ArrayList.java:1511)
... Removed 33 stack frames
</div> <!-- stack-trace -->
                </div> <!-- method-content -->
              </div> <!-- method -->
              <div class="method">
                <div class="method-content">
                  <a name="validateEditCustomerForm_field_Test(, )">
                  </a> <!-- validateEditCustomerForm_field_Test(, ) -->
                  <span class="method-name">validateEditCustomerForm_field_Test</span>
                  <span class="parameters">(,)</span>
                  <div class="stack-trace">java.lang.AssertionError: expected [] but found [Customer ID is required]
	at com.banking.test.EditCustomerTest.validateEditCustomerForm_field_Test(EditCustomerTest.java:43)
	at java.base/java.util.ArrayList.forEach(ArrayList.java:1511)
... Removed 33 stack frames
</div> <!-- stack-trace -->
                </div> <!-- method-content -->
              </div> <!-- method -->
              <div class="method">
                <div class="method-content">
                  <a name="validateEditCustomerForm_field_Test(9309975, First character can not have space)">
                  </a> <!-- validateEditCustomerForm_field_Test(9309975, First character can not have space) -->
                  <span class="method-name">validateEditCustomerForm_field_Test</span>
                  <span class="parameters">(9309975,First character can not have space)</span>
                  <div class="stack-trace">java.lang.AssertionError: expected [First character can not have space] but found []
	at com.banking.test.EditCustomerTest.validateEditCustomerForm_field_Test(EditCustomerTest.java:43)
	at java.base/java.util.ArrayList.forEach(ArrayList.java:1511)
... Removed 33 stack frames
</div> <!-- stack-trace -->
                </div> <!-- method-content -->
              </div> <!-- method -->
            </div> <!-- main-panel-content rounded-window-bottom -->
          </div> <!-- suite-Banking_Automation-class-failed -->
          <div class="suite-Banking_Automation-class-failed">
            <div class="main-panel-header rounded-window-top">
              <img src="failed.png"/>
              <span class="class-name">com.banking.test.HomepageTest</span>
            </div> <!-- main-panel-header rounded-window-top -->
            <div class="main-panel-content rounded-window-bottom">
              <div class="method">
                <div class="method-content">
                  <a name="VerifyChnagePassrPage_Test">
                  </a> <!-- VerifyChnagePassrPage_Test -->
                  <span class="method-name">VerifyChnagePassrPage_Test</span>
                  <div class="stack-trace">org.openqa.selenium.ElementClickInterceptedException: element click intercepted: Element &lt;a href=&quot;PasswordInput.php&quot;&gt;...&lt;/a&gt; is not clickable at point (120, 310). Other element would receive the click: &lt;p class=&quot;barone&quot; style=&quot;font-size:16px;font-weight:700;padding: 10px;background-color:#525252;margin-top:100px;&quot;&gt;...&lt;/p&gt;
  (Session info: chrome=137.0.7151.120)
Build info: version: &apos;4.33.0&apos;, revision: &apos;2c6aaad03a&apos;
System info: os.name: &apos;Windows 11&apos;, os.arch: &apos;amd64&apos;, os.version: &apos;10.0&apos;, java.version: &apos;17.0.10&apos;
Driver info: org.openqa.selenium.chrome.ChromeDriver
Command: [02aec9545c35dbcfb6428335512f3560, clickElement {id=f.BCD456C991DB2B38CF8E70916CD30AE0.d.1BB1034E39B51030DA7021054BB2C0DC.e.125}]
Capabilities {acceptInsecureCerts: false, browserName: chrome, browserVersion: 137.0.7151.120, chrome: {chromedriverVersion: 137.0.7151.119 (e0ac9d12dff..., userDataDir: C:\Users\DELL\AppData\Local...}, fedcm:accounts: true, goog:chromeOptions: {debuggerAddress: localhost:57211}, networkConnectionEnabled: false, pageLoadStrategy: normal, platformName: windows, proxy: Proxy(), se:cdp: ws://localhost:57211/devtoo..., se:cdpVersion: 137.0.7151.120, setWindowRect: true, strictFileInteractability: false, timeouts: {implicit: 0, pageLoad: 300000, script: 30000}, unhandledPromptBehavior: dismiss and notify, webauthn:extension:credBlob: true, webauthn:extension:largeBlob: true, webauthn:extension:minPinLength: true, webauthn:extension:prf: true, webauthn:virtualAuthenticators: true}
Element: [[ChromeDriver: chrome on windows (02aec9545c35dbcfb6428335512f3560)] -&gt; xpath: //a[contains(text(),&apos;Change Password&apos;)]]
Session ID: 02aec9545c35dbcfb6428335512f3560
	at org.openqa.selenium.remote.ErrorCodec.decode(ErrorCodec.java:167)
	at org.openqa.selenium.remote.codec.w3c.W3CHttpResponseCodec.decode(W3CHttpResponseCodec.java:138)
	at org.openqa.selenium.remote.codec.w3c.W3CHttpResponseCodec.decode(W3CHttpResponseCodec.java:50)
	at org.openqa.selenium.remote.HttpCommandExecutor.execute(HttpCommandExecutor.java:215)
	at org.openqa.selenium.remote.service.DriverCommandExecutor.invokeExecute(DriverCommandExecutor.java:216)
	at org.openqa.selenium.remote.service.DriverCommandExecutor.execute(DriverCommandExecutor.java:174)
	at org.openqa.selenium.remote.RemoteWebDriver.execute(RemoteWebDriver.java:544)
	at org.openqa.selenium.remote.RemoteWebElement.execute(RemoteWebElement.java:223)
	at org.openqa.selenium.remote.RemoteWebElement.click(RemoteWebElement.java:76)
	at org.openqa.selenium.support.pagefactory.internal.LocatingElementHandler.invoke(LocatingElementHandler.java:51)
	at jdk.proxy2/jdk.proxy2.$Proxy13.click(Unknown Source)
	at com.pages.Homepage.Click_On_changePwd(Homepage.java:161)
	at com.banking.test.HomepageTest.VerifyChnagePassrPage_Test(HomepageTest.java:99)
	at java.base/java.util.ArrayList.forEach(ArrayList.java:1511)
... Removed 36 stack frames
</div> <!-- stack-trace -->
                </div> <!-- method-content -->
              </div> <!-- method -->
              <div class="method">
                <div class="method-content">
                  <a name="VerifyFundTransferPage_Test">
                  </a> <!-- VerifyFundTransferPage_Test -->
                  <span class="method-name">VerifyFundTransferPage_Test</span>
                  <div class="stack-trace">org.openqa.selenium.ElementClickInterceptedException: element click intercepted: Element &lt;a href=&quot;FundTransInput.php&quot;&gt;...&lt;/a&gt; is not clickable at point (120, 276). Other element would receive the click: &lt;p class=&quot;barone&quot; style=&quot;font-size:16px;font-weight:700;padding: 10px;background-color:#525252;margin-top:100px;&quot;&gt;...&lt;/p&gt;
  (Session info: chrome=137.0.7151.120)
Build info: version: &apos;4.33.0&apos;, revision: &apos;2c6aaad03a&apos;
System info: os.name: &apos;Windows 11&apos;, os.arch: &apos;amd64&apos;, os.version: &apos;10.0&apos;, java.version: &apos;17.0.10&apos;
Driver info: org.openqa.selenium.chrome.ChromeDriver
Command: [02aec9545c35dbcfb6428335512f3560, clickElement {id=f.BCD456C991DB2B38CF8E70916CD30AE0.d.1BB1034E39B51030DA7021054BB2C0DC.e.112}]
Capabilities {acceptInsecureCerts: false, browserName: chrome, browserVersion: 137.0.7151.120, chrome: {chromedriverVersion: 137.0.7151.119 (e0ac9d12dff..., userDataDir: C:\Users\DELL\AppData\Local...}, fedcm:accounts: true, goog:chromeOptions: {debuggerAddress: localhost:57211}, networkConnectionEnabled: false, pageLoadStrategy: normal, platformName: windows, proxy: Proxy(), se:cdp: ws://localhost:57211/devtoo..., se:cdpVersion: 137.0.7151.120, setWindowRect: true, strictFileInteractability: false, timeouts: {implicit: 0, pageLoad: 300000, script: 30000}, unhandledPromptBehavior: dismiss and notify, webauthn:extension:credBlob: true, webauthn:extension:largeBlob: true, webauthn:extension:minPinLength: true, webauthn:extension:prf: true, webauthn:virtualAuthenticators: true}
Element: [[ChromeDriver: chrome on windows (02aec9545c35dbcfb6428335512f3560)] -&gt; xpath: //a[normalize-space()=&apos;Fund Transfer&apos;]]
Session ID: 02aec9545c35dbcfb6428335512f3560
	at org.openqa.selenium.remote.ErrorCodec.decode(ErrorCodec.java:167)
	at org.openqa.selenium.remote.codec.w3c.W3CHttpResponseCodec.decode(W3CHttpResponseCodec.java:138)
	at org.openqa.selenium.remote.codec.w3c.W3CHttpResponseCodec.decode(W3CHttpResponseCodec.java:50)
	at org.openqa.selenium.remote.HttpCommandExecutor.execute(HttpCommandExecutor.java:215)
	at org.openqa.selenium.remote.service.DriverCommandExecutor.invokeExecute(DriverCommandExecutor.java:216)
	at org.openqa.selenium.remote.service.DriverCommandExecutor.execute(DriverCommandExecutor.java:174)
	at org.openqa.selenium.remote.RemoteWebDriver.execute(RemoteWebDriver.java:544)
	at org.openqa.selenium.remote.RemoteWebElement.execute(RemoteWebElement.java:223)
	at org.openqa.selenium.remote.RemoteWebElement.click(RemoteWebElement.java:76)
	at org.openqa.selenium.support.pagefactory.internal.LocatingElementHandler.invoke(LocatingElementHandler.java:51)
	at jdk.proxy2/jdk.proxy2.$Proxy13.click(Unknown Source)
	at com.pages.Homepage.Click_On_FundTransfer(Homepage.java:154)
	at com.banking.test.HomepageTest.VerifyFundTransferPage_Test(HomepageTest.java:92)
	at java.base/java.util.ArrayList.forEach(ArrayList.java:1511)
... Removed 36 stack frames
</div> <!-- stack-trace -->
                </div> <!-- method-content -->
              </div> <!-- method -->
              <div class="method">
                <div class="method-content">
                  <a name="VerifyLogoutButton_test">
                  </a> <!-- VerifyLogoutButton_test -->
                  <span class="method-name">VerifyLogoutButton_test</span>
                  <div class="stack-trace">org.openqa.selenium.ElementClickInterceptedException: element click intercepted: Element &lt;a href=&quot;Logout.php&quot;&gt;...&lt;/a&gt; is not clickable at point (120, 389). Other element would receive the click: &lt;p style=&quot;text-align:center;&quot;&gt;...&lt;/p&gt;
  (Session info: chrome=137.0.7151.120)
Build info: version: &apos;4.33.0&apos;, revision: &apos;2c6aaad03a&apos;
System info: os.name: &apos;Windows 11&apos;, os.arch: &apos;amd64&apos;, os.version: &apos;10.0&apos;, java.version: &apos;17.0.10&apos;
Driver info: org.openqa.selenium.chrome.ChromeDriver
Command: [02aec9545c35dbcfb6428335512f3560, clickElement {id=f.BCD456C991DB2B38CF8E70916CD30AE0.d.A331AF45DCC601C90707CBC82ED0B862.e.173}]
Capabilities {acceptInsecureCerts: false, browserName: chrome, browserVersion: 137.0.7151.120, chrome: {chromedriverVersion: 137.0.7151.119 (e0ac9d12dff..., userDataDir: C:\Users\DELL\AppData\Local...}, fedcm:accounts: true, goog:chromeOptions: {debuggerAddress: localhost:57211}, networkConnectionEnabled: false, pageLoadStrategy: normal, platformName: windows, proxy: Proxy(), se:cdp: ws://localhost:57211/devtoo..., se:cdpVersion: 137.0.7151.120, setWindowRect: true, strictFileInteractability: false, timeouts: {implicit: 0, pageLoad: 300000, script: 30000}, unhandledPromptBehavior: dismiss and notify, webauthn:extension:credBlob: true, webauthn:extension:largeBlob: true, webauthn:extension:minPinLength: true, webauthn:extension:prf: true, webauthn:virtualAuthenticators: true}
Element: [[ChromeDriver: chrome on windows (02aec9545c35dbcfb6428335512f3560)] -&gt; xpath: //a[contains(text(),&apos;Log out&apos;)]]
Session ID: 02aec9545c35dbcfb6428335512f3560
	at org.openqa.selenium.remote.ErrorCodec.decode(ErrorCodec.java:167)
	at org.openqa.selenium.remote.codec.w3c.W3CHttpResponseCodec.decode(W3CHttpResponseCodec.java:138)
	at org.openqa.selenium.remote.codec.w3c.W3CHttpResponseCodec.decode(W3CHttpResponseCodec.java:50)
	at org.openqa.selenium.remote.HttpCommandExecutor.execute(HttpCommandExecutor.java:215)
	at org.openqa.selenium.remote.service.DriverCommandExecutor.invokeExecute(DriverCommandExecutor.java:216)
	at org.openqa.selenium.remote.service.DriverCommandExecutor.execute(DriverCommandExecutor.java:174)
	at org.openqa.selenium.remote.RemoteWebDriver.execute(RemoteWebDriver.java:544)
	at org.openqa.selenium.remote.RemoteWebElement.execute(RemoteWebElement.java:223)
	at org.openqa.selenium.remote.RemoteWebElement.click(RemoteWebElement.java:76)
	at org.openqa.selenium.support.pagefactory.internal.LocatingElementHandler.invoke(LocatingElementHandler.java:51)
	at jdk.proxy2/jdk.proxy2.$Proxy13.click(Unknown Source)
	at com.pages.Homepage.click_On_Logout(Homepage.java:190)
	at com.banking.test.HomepageTest.VerifyLogoutButton_test(HomepageTest.java:129)
	at java.base/java.util.ArrayList.forEach(ArrayList.java:1511)
... Removed 36 stack frames
</div> <!-- stack-trace -->
                </div> <!-- method-content -->
              </div> <!-- method -->
              <div class="method">
                <div class="method-content">
                  <a name="VerifyWithdrawalPage_Test">
                  </a> <!-- VerifyWithdrawalPage_Test -->
                  <span class="method-name">VerifyWithdrawalPage_Test</span>
                  <div class="stack-trace">java.lang.AssertionError:  Amount Withdrwawal page heading not match expected [ Amount Withdrawal Form] but found [Amount Withdrawal Form]
	at com.banking.test.HomepageTest.VerifyWithdrawalPage_Test(HomepageTest.java:86)
	at java.base/java.util.ArrayList.forEach(ArrayList.java:1511)
... Removed 32 stack frames
</div> <!-- stack-trace -->
                </div> <!-- method-content -->
              </div> <!-- method -->
            </div> <!-- main-panel-content rounded-window-bottom -->
          </div> <!-- suite-Banking_Automation-class-failed -->
          <div class="suite-Banking_Automation-class-failed">
            <div class="main-panel-header rounded-window-top">
              <img src="failed.png"/>
              <span class="class-name">com.banking.test.ChangePwdTest</span>
            </div> <!-- main-panel-header rounded-window-top -->
            <div class="main-panel-content rounded-window-bottom">
              <div class="method">
                <div class="method-content">
                  <a name="validate_chng_pwd_test(123456, abcd, abcdef, Old Password is incorrect)">
                  </a> <!-- validate_chng_pwd_test(123456, abcd, abcdef, Old Password is incorrect) -->
                  <span class="method-name">validate_chng_pwd_test</span>
                  <span class="parameters">(123456,abcd,abcdef,Old Password is incorrect)</span>
                  <div class="stack-trace">org.openqa.selenium.NoSuchElementException: Unable to find element with locator By.xpath: //input[@name=&quot;oldpassword&quot;]
For documentation on this error, please visit: https://www.selenium.dev/documentation/webdriver/troubleshooting/errors#no-such-element-exception
Build info: version: &apos;4.33.0&apos;, revision: &apos;2c6aaad03a&apos;
System info: os.name: &apos;Windows 11&apos;, os.arch: &apos;amd64&apos;, os.version: &apos;10.0&apos;, java.version: &apos;17.0.10&apos;
Driver info: driver.version: RemoteWebDriver
	at org.openqa.selenium.remote.ElementLocation$ElementFinder$2.findElement(ElementLocation.java:168)
	at org.openqa.selenium.remote.ElementLocation.findElement(ElementLocation.java:59)
	at org.openqa.selenium.remote.RemoteWebDriver.findElement(RemoteWebDriver.java:367)
	at org.openqa.selenium.remote.RemoteWebDriver.findElement(RemoteWebDriver.java:361)
	at org.openqa.selenium.support.pagefactory.DefaultElementLocator.findElement(DefaultElementLocator.java:68)
	at org.openqa.selenium.support.pagefactory.internal.LocatingElementHandler.invoke(LocatingElementHandler.java:38)
	at jdk.proxy2/jdk.proxy2.$Proxy13.clear(Unknown Source)
	at com.pages.ChangepwdPage.validate_chng_pwd_form(ChangepwdPage.java:36)
	at com.banking.test.ChangePwdTest.validate_chng_pwd_test(ChangePwdTest.java:41)
	at java.base/java.util.ArrayList.forEach(ArrayList.java:1511)
... Removed 27 stack frames
</div> <!-- stack-trace -->
                </div> <!-- method-content -->
              </div> <!-- method -->
              <div class="method">
                <div class="method-content">
                  <a name="validate_chng_pwd_test( &quot; &quot;, , 123456, Please fill all fields)">
                  </a> <!-- validate_chng_pwd_test( " ", , 123456, Please fill all fields) -->
                  <span class="method-name">validate_chng_pwd_test</span>
                  <span class="parameters">( " ",,123456,Please fill all fields)</span>
                  <div class="stack-trace">org.openqa.selenium.UnhandledAlertException: unexpected alert open: {Alert text : Old Password is incorrect}
  (Session info: chrome=137.0.7151.120): Old Password is incorrect
Build info: version: &apos;4.33.0&apos;, revision: &apos;2c6aaad03a&apos;
System info: os.name: &apos;Windows 11&apos;, os.arch: &apos;amd64&apos;, os.version: &apos;10.0&apos;, java.version: &apos;17.0.10&apos;
Driver info: org.openqa.selenium.chrome.ChromeDriver
Command: [008b11fac0de732f7e01482852b38415, findElement {using=xpath, value=//input[@name=&quot;oldpassword&quot;]}]
Capabilities {acceptInsecureCerts: false, browserName: chrome, browserVersion: 137.0.7151.120, chrome: {chromedriverVersion: 137.0.7151.119 (e0ac9d12dff..., userDataDir: C:\Users\DELL\AppData\Local...}, fedcm:accounts: true, goog:chromeOptions: {debuggerAddress: localhost:57419}, networkConnectionEnabled: false, pageLoadStrategy: normal, platformName: windows, proxy: Proxy(), se:cdp: ws://localhost:57419/devtoo..., se:cdpVersion: 137.0.7151.120, setWindowRect: true, strictFileInteractability: false, timeouts: {implicit: 0, pageLoad: 300000, script: 30000}, unhandledPromptBehavior: dismiss and notify, webauthn:extension:credBlob: true, webauthn:extension:largeBlob: true, webauthn:extension:minPinLength: true, webauthn:extension:prf: true, webauthn:virtualAuthenticators: true}
Session ID: 008b11fac0de732f7e01482852b38415
	at org.openqa.selenium.remote.codec.w3c.W3CHttpResponseCodec.decode(W3CHttpResponseCodec.java:136)
	at org.openqa.selenium.remote.codec.w3c.W3CHttpResponseCodec.decode(W3CHttpResponseCodec.java:50)
	at org.openqa.selenium.remote.HttpCommandExecutor.execute(HttpCommandExecutor.java:215)
	at org.openqa.selenium.remote.service.DriverCommandExecutor.invokeExecute(DriverCommandExecutor.java:216)
	at org.openqa.selenium.remote.service.DriverCommandExecutor.execute(DriverCommandExecutor.java:174)
	at org.openqa.selenium.remote.RemoteWebDriver.execute(RemoteWebDriver.java:544)
	at org.openqa.selenium.remote.ElementLocation$ElementFinder$2.findElement(ElementLocation.java:165)
	at org.openqa.selenium.remote.ElementLocation.findElement(ElementLocation.java:59)
	at org.openqa.selenium.remote.RemoteWebDriver.findElement(RemoteWebDriver.java:367)
	at org.openqa.selenium.remote.RemoteWebDriver.findElement(RemoteWebDriver.java:361)
	at org.openqa.selenium.support.pagefactory.DefaultElementLocator.findElement(DefaultElementLocator.java:68)
	at org.openqa.selenium.support.pagefactory.internal.LocatingElementHandler.invoke(LocatingElementHandler.java:38)
	at jdk.proxy2/jdk.proxy2.$Proxy13.clear(Unknown Source)
	at com.pages.ChangepwdPage.validate_chng_pwd_form(ChangepwdPage.java:36)
	at com.banking.test.ChangePwdTest.validate_chng_pwd_test(ChangePwdTest.java:41)
	at java.base/java.util.ArrayList.forEach(ArrayList.java:1511)
... Removed 27 stack frames
</div> <!-- stack-trace -->
                </div> <!-- method-content -->
              </div> <!-- method -->
              <div class="method">
                <div class="method-content">
                  <a name="validate_chng_pwd_test(12345678, 2345678@, 2345678@, Old password is incorrrect)">
                  </a> <!-- validate_chng_pwd_test(12345678, 2345678@, 2345678@, Old password is incorrrect) -->
                  <span class="method-name">validate_chng_pwd_test</span>
                  <span class="parameters">(12345678,2345678@,2345678@,Old password is incorrrect)</span>
                  <div class="stack-trace">org.openqa.selenium.NoAlertPresentException: no such alert
  (Session info: chrome=137.0.7151.120)
Build info: version: &apos;4.33.0&apos;, revision: &apos;2c6aaad03a&apos;
System info: os.name: &apos;Windows 11&apos;, os.arch: &apos;amd64&apos;, os.version: &apos;10.0&apos;, java.version: &apos;17.0.10&apos;
Driver info: org.openqa.selenium.chrome.ChromeDriver
Command: [008b11fac0de732f7e01482852b38415, getAlertText {}]
Capabilities {acceptInsecureCerts: false, browserName: chrome, browserVersion: 137.0.7151.120, chrome: {chromedriverVersion: 137.0.7151.119 (e0ac9d12dff..., userDataDir: C:\Users\DELL\AppData\Local...}, fedcm:accounts: true, goog:chromeOptions: {debuggerAddress: localhost:57419}, networkConnectionEnabled: false, pageLoadStrategy: normal, platformName: windows, proxy: Proxy(), se:cdp: ws://localhost:57419/devtoo..., se:cdpVersion: 137.0.7151.120, setWindowRect: true, strictFileInteractability: false, timeouts: {implicit: 0, pageLoad: 300000, script: 30000}, unhandledPromptBehavior: dismiss and notify, webauthn:extension:credBlob: true, webauthn:extension:largeBlob: true, webauthn:extension:minPinLength: true, webauthn:extension:prf: true, webauthn:virtualAuthenticators: true}
Session ID: 008b11fac0de732f7e01482852b38415
	at org.openqa.selenium.remote.ErrorCodec.decode(ErrorCodec.java:167)
	at org.openqa.selenium.remote.codec.w3c.W3CHttpResponseCodec.decode(W3CHttpResponseCodec.java:138)
	at org.openqa.selenium.remote.codec.w3c.W3CHttpResponseCodec.decode(W3CHttpResponseCodec.java:50)
	at org.openqa.selenium.remote.HttpCommandExecutor.execute(HttpCommandExecutor.java:215)
	at org.openqa.selenium.remote.service.DriverCommandExecutor.invokeExecute(DriverCommandExecutor.java:216)
	at org.openqa.selenium.remote.service.DriverCommandExecutor.execute(DriverCommandExecutor.java:174)
	at org.openqa.selenium.remote.RemoteWebDriver.execute(RemoteWebDriver.java:544)
	at org.openqa.selenium.remote.RemoteWebDriver.execute(RemoteWebDriver.java:617)
	at org.openqa.selenium.remote.RemoteWebDriver.execute(RemoteWebDriver.java:621)
	at org.openqa.selenium.remote.RemoteWebDriver$RemoteTargetLocator.alert(RemoteWebDriver.java:1175)
	at com.util.TestUtil.handleAlert(TestUtil.java:53)
	at com.banking.test.ChangePwdTest.validate_chng_pwd_test(ChangePwdTest.java:42)
	at java.base/java.util.ArrayList.forEach(ArrayList.java:1511)
... Removed 32 stack frames
</div> <!-- stack-trace -->
                </div> <!-- method-content -->
              </div> <!-- method -->
            </div> <!-- main-panel-content rounded-window-bottom -->
          </div> <!-- suite-Banking_Automation-class-failed -->
          <div class="suite-Banking_Automation-class-failed">
            <div class="main-panel-header rounded-window-top">
              <img src="failed.png"/>
              <span class="class-name">com.banking.test.LoginTest</span>
            </div> <!-- main-panel-header rounded-window-top -->
            <div class="main-panel-content rounded-window-bottom">
              <div class="method">
                <div class="method-content">
                  <a name="invalid_credentials_test( , parag111)">
                  </a> <!-- invalid_credentials_test( , parag111) -->
                  <span class="method-name">invalid_credentials_test</span>
                  <span class="parameters">( ,parag111)</span>
                  <div class="stack-trace">java.lang.NullPointerException: Cannot invoke &quot;com.pages.Homepage.verifyManagerPage_heading()&quot; because &quot;this.homepage&quot; is null
	at com.banking.test.LoginTest.invalid_credentials_test(LoginTest.java:60)
	at java.base/java.util.ArrayList.forEach(ArrayList.java:1511)
... Removed 27 stack frames
</div> <!-- stack-trace -->
                </div> <!-- method-content -->
              </div> <!-- method -->
              <div class="method">
                <div class="method-content">
                  <a name="invalid_credentials_test( ,  )">
                  </a> <!-- invalid_credentials_test( ,  ) -->
                  <span class="method-name">invalid_credentials_test</span>
                  <span class="parameters">( , )</span>
                  <div class="stack-trace">org.openqa.selenium.UnhandledAlertException: unexpected alert open: {Alert text : User or Password is not valid}
  (Session info: chrome=137.0.7151.120): User or Password is not valid
Build info: version: &apos;4.33.0&apos;, revision: &apos;2c6aaad03a&apos;
System info: os.name: &apos;Windows 11&apos;, os.arch: &apos;amd64&apos;, os.version: &apos;10.0&apos;, java.version: &apos;17.0.10&apos;
Driver info: org.openqa.selenium.chrome.ChromeDriver
Command: [13179cb0b478a3fa29726f2c70fae6ea, findElement {using=xpath, value=//input[@name=&quot;uid&quot;]}]
Capabilities {acceptInsecureCerts: false, browserName: chrome, browserVersion: 137.0.7151.120, chrome: {chromedriverVersion: 137.0.7151.119 (e0ac9d12dff..., userDataDir: C:\Users\DELL\AppData\Local...}, fedcm:accounts: true, goog:chromeOptions: {debuggerAddress: localhost:57297}, networkConnectionEnabled: false, pageLoadStrategy: normal, platformName: windows, proxy: Proxy(), se:cdp: ws://localhost:57297/devtoo..., se:cdpVersion: 137.0.7151.120, setWindowRect: true, strictFileInteractability: false, timeouts: {implicit: 0, pageLoad: 300000, script: 30000}, unhandledPromptBehavior: dismiss and notify, webauthn:extension:credBlob: true, webauthn:extension:largeBlob: true, webauthn:extension:minPinLength: true, webauthn:extension:prf: true, webauthn:virtualAuthenticators: true}
Session ID: 13179cb0b478a3fa29726f2c70fae6ea
	at org.openqa.selenium.remote.codec.w3c.W3CHttpResponseCodec.decode(W3CHttpResponseCodec.java:136)
	at org.openqa.selenium.remote.codec.w3c.W3CHttpResponseCodec.decode(W3CHttpResponseCodec.java:50)
	at org.openqa.selenium.remote.HttpCommandExecutor.execute(HttpCommandExecutor.java:215)
	at org.openqa.selenium.remote.service.DriverCommandExecutor.invokeExecute(DriverCommandExecutor.java:216)
	at org.openqa.selenium.remote.service.DriverCommandExecutor.execute(DriverCommandExecutor.java:174)
	at org.openqa.selenium.remote.RemoteWebDriver.execute(RemoteWebDriver.java:544)
	at org.openqa.selenium.remote.ElementLocation$ElementFinder$2.findElement(ElementLocation.java:165)
	at org.openqa.selenium.remote.ElementLocation.findElement(ElementLocation.java:59)
	at org.openqa.selenium.remote.RemoteWebDriver.findElement(RemoteWebDriver.java:367)
	at org.openqa.selenium.remote.RemoteWebDriver.findElement(RemoteWebDriver.java:361)
	at org.openqa.selenium.support.pagefactory.DefaultElementLocator.findElement(DefaultElementLocator.java:68)
	at org.openqa.selenium.support.pagefactory.internal.LocatingElementHandler.invoke(LocatingElementHandler.java:38)
	at jdk.proxy2/jdk.proxy2.$Proxy13.clear(Unknown Source)
	at com.pages.LoginPage.login_with_credentials(LoginPage.java:42)
	at com.banking.test.LoginTest.invalid_credentials_test(LoginTest.java:59)
	at java.base/java.util.ArrayList.forEach(ArrayList.java:1511)
... Removed 27 stack frames
</div> <!-- stack-trace -->
                </div> <!-- method-content -->
              </div> <!-- method -->
              <div class="method">
                <div class="method-content">
                  <a name="invalid_credentials_test( mngr625124, upEsYvA)">
                  </a> <!-- invalid_credentials_test( mngr625124, upEsYvA) -->
                  <span class="method-name">invalid_credentials_test</span>
                  <span class="parameters">( mngr625124,upEsYvA)</span>
                  <div class="stack-trace">org.openqa.selenium.NoSuchElementException: Unable to find element with locator By.xpath: //input[@name=&quot;uid&quot;]
For documentation on this error, please visit: https://www.selenium.dev/documentation/webdriver/troubleshooting/errors#no-such-element-exception
Build info: version: &apos;4.33.0&apos;, revision: &apos;2c6aaad03a&apos;
System info: os.name: &apos;Windows 11&apos;, os.arch: &apos;amd64&apos;, os.version: &apos;10.0&apos;, java.version: &apos;17.0.10&apos;
Driver info: driver.version: RemoteWebDriver
	at org.openqa.selenium.remote.ElementLocation$ElementFinder$2.findElement(ElementLocation.java:168)
	at org.openqa.selenium.remote.ElementLocation.findElement(ElementLocation.java:59)
	at org.openqa.selenium.remote.RemoteWebDriver.findElement(RemoteWebDriver.java:367)
	at org.openqa.selenium.remote.RemoteWebDriver.findElement(RemoteWebDriver.java:361)
	at org.openqa.selenium.support.pagefactory.DefaultElementLocator.findElement(DefaultElementLocator.java:68)
	at org.openqa.selenium.support.pagefactory.internal.LocatingElementHandler.invoke(LocatingElementHandler.java:38)
	at jdk.proxy2/jdk.proxy2.$Proxy13.clear(Unknown Source)
	at com.pages.LoginPage.login_with_credentials(LoginPage.java:42)
	at com.banking.test.LoginTest.invalid_credentials_test(LoginTest.java:59)
	at java.base/java.util.ArrayList.forEach(ArrayList.java:1511)
... Removed 27 stack frames
</div> <!-- stack-trace -->
                </div> <!-- method-content -->
              </div> <!-- method -->
              <div class="method">
                <div class="method-content">
                  <a name="invalid_credentials_test(parag 122,  )">
                  </a> <!-- invalid_credentials_test(parag 122,  ) -->
                  <span class="method-name">invalid_credentials_test</span>
                  <span class="parameters">(parag 122, )</span>
                  <div class="stack-trace">org.openqa.selenium.UnhandledAlertException: unexpected alert open: {Alert text : User or Password is not valid}
  (Session info: chrome=137.0.7151.120): User or Password is not valid
Build info: version: &apos;4.33.0&apos;, revision: &apos;2c6aaad03a&apos;
System info: os.name: &apos;Windows 11&apos;, os.arch: &apos;amd64&apos;, os.version: &apos;10.0&apos;, java.version: &apos;17.0.10&apos;
Driver info: org.openqa.selenium.chrome.ChromeDriver
Command: [13179cb0b478a3fa29726f2c70fae6ea, findElement {using=xpath, value=//input[@name=&quot;uid&quot;]}]
Capabilities {acceptInsecureCerts: false, browserName: chrome, browserVersion: 137.0.7151.120, chrome: {chromedriverVersion: 137.0.7151.119 (e0ac9d12dff..., userDataDir: C:\Users\DELL\AppData\Local...}, fedcm:accounts: true, goog:chromeOptions: {debuggerAddress: localhost:57297}, networkConnectionEnabled: false, pageLoadStrategy: normal, platformName: windows, proxy: Proxy(), se:cdp: ws://localhost:57297/devtoo..., se:cdpVersion: 137.0.7151.120, setWindowRect: true, strictFileInteractability: false, timeouts: {implicit: 0, pageLoad: 300000, script: 30000}, unhandledPromptBehavior: dismiss and notify, webauthn:extension:credBlob: true, webauthn:extension:largeBlob: true, webauthn:extension:minPinLength: true, webauthn:extension:prf: true, webauthn:virtualAuthenticators: true}
Session ID: 13179cb0b478a3fa29726f2c70fae6ea
	at org.openqa.selenium.remote.codec.w3c.W3CHttpResponseCodec.decode(W3CHttpResponseCodec.java:136)
	at org.openqa.selenium.remote.codec.w3c.W3CHttpResponseCodec.decode(W3CHttpResponseCodec.java:50)
	at org.openqa.selenium.remote.HttpCommandExecutor.execute(HttpCommandExecutor.java:215)
	at org.openqa.selenium.remote.service.DriverCommandExecutor.invokeExecute(DriverCommandExecutor.java:216)
	at org.openqa.selenium.remote.service.DriverCommandExecutor.execute(DriverCommandExecutor.java:174)
	at org.openqa.selenium.remote.RemoteWebDriver.execute(RemoteWebDriver.java:544)
	at org.openqa.selenium.remote.ElementLocation$ElementFinder$2.findElement(ElementLocation.java:165)
	at org.openqa.selenium.remote.ElementLocation.findElement(ElementLocation.java:59)
	at org.openqa.selenium.remote.RemoteWebDriver.findElement(RemoteWebDriver.java:367)
	at org.openqa.selenium.remote.RemoteWebDriver.findElement(RemoteWebDriver.java:361)
	at org.openqa.selenium.support.pagefactory.DefaultElementLocator.findElement(DefaultElementLocator.java:68)
	at org.openqa.selenium.support.pagefactory.internal.LocatingElementHandler.invoke(LocatingElementHandler.java:38)
	at jdk.proxy2/jdk.proxy2.$Proxy13.clear(Unknown Source)
	at com.pages.LoginPage.login_with_credentials(LoginPage.java:42)
	at com.banking.test.LoginTest.invalid_credentials_test(LoginTest.java:59)
	at java.base/java.util.ArrayList.forEach(ArrayList.java:1511)
... Removed 27 stack frames
</div> <!-- stack-trace -->
                </div> <!-- method-content -->
              </div> <!-- method -->
              <div class="method">
                <div class="method-content">
                  <a name="invalid_credentials_test(paragk, parag111)">
                  </a> <!-- invalid_credentials_test(paragk, parag111) -->
                  <span class="method-name">invalid_credentials_test</span>
                  <span class="parameters">(paragk,parag111)</span>
                  <div class="stack-trace">java.lang.NullPointerException: Cannot invoke &quot;com.pages.Homepage.verifyManagerPage_heading()&quot; because &quot;this.homepage&quot; is null
	at com.banking.test.LoginTest.invalid_credentials_test(LoginTest.java:60)
	at java.base/java.util.ArrayList.forEach(ArrayList.java:1511)
... Removed 27 stack frames
</div> <!-- stack-trace -->
                </div> <!-- method-content -->
              </div> <!-- method -->
              <div class="method">
                <div class="method-content">
                  <a name="reset_button">
                  </a> <!-- reset_button -->
                  <span class="method-name">reset_button</span>
                  <div class="stack-trace">org.openqa.selenium.NoSuchElementException: no such element: Unable to locate element: {&quot;method&quot;:&quot;xpath&quot;,&quot;selector&quot;:&quot;//input[@name=&quot;uid&quot;]&quot;}
  (Session info: chrome=137.0.7151.120)
For documentation on this error, please visit: https://www.selenium.dev/documentation/webdriver/troubleshooting/errors#no-such-element-exception
Build info: version: &apos;4.33.0&apos;, revision: &apos;2c6aaad03a&apos;
System info: os.name: &apos;Windows 11&apos;, os.arch: &apos;amd64&apos;, os.version: &apos;10.0&apos;, java.version: &apos;17.0.10&apos;
Driver info: org.openqa.selenium.chrome.ChromeDriver
Command: [13179cb0b478a3fa29726f2c70fae6ea, findElement {using=xpath, value=//input[@name=&quot;uid&quot;]}]
Capabilities {acceptInsecureCerts: false, browserName: chrome, browserVersion: 137.0.7151.120, chrome: {chromedriverVersion: 137.0.7151.119 (e0ac9d12dff..., userDataDir: C:\Users\DELL\AppData\Local...}, fedcm:accounts: true, goog:chromeOptions: {debuggerAddress: localhost:57297}, networkConnectionEnabled: false, pageLoadStrategy: normal, platformName: windows, proxy: Proxy(), se:cdp: ws://localhost:57297/devtoo..., se:cdpVersion: 137.0.7151.120, setWindowRect: true, strictFileInteractability: false, timeouts: {implicit: 0, pageLoad: 300000, script: 30000}, unhandledPromptBehavior: dismiss and notify, webauthn:extension:credBlob: true, webauthn:extension:largeBlob: true, webauthn:extension:minPinLength: true, webauthn:extension:prf: true, webauthn:virtualAuthenticators: true}
Session ID: 13179cb0b478a3fa29726f2c70fae6ea
	at org.openqa.selenium.remote.ErrorCodec.decode(ErrorCodec.java:167)
	at org.openqa.selenium.remote.codec.w3c.W3CHttpResponseCodec.decode(W3CHttpResponseCodec.java:138)
	at org.openqa.selenium.remote.codec.w3c.W3CHttpResponseCodec.decode(W3CHttpResponseCodec.java:50)
	at org.openqa.selenium.remote.HttpCommandExecutor.execute(HttpCommandExecutor.java:215)
	at org.openqa.selenium.remote.service.DriverCommandExecutor.invokeExecute(DriverCommandExecutor.java:216)
	at org.openqa.selenium.remote.service.DriverCommandExecutor.execute(DriverCommandExecutor.java:174)
	at org.openqa.selenium.remote.RemoteWebDriver.execute(RemoteWebDriver.java:544)
	at org.openqa.selenium.remote.ElementLocation$ElementFinder$2.findElement(ElementLocation.java:165)
	at org.openqa.selenium.remote.ElementLocation.findElement(ElementLocation.java:59)
	at org.openqa.selenium.remote.RemoteWebDriver.findElement(RemoteWebDriver.java:367)
	at org.openqa.selenium.remote.RemoteWebDriver.findElement(RemoteWebDriver.java:361)
	at org.openqa.selenium.support.pagefactory.DefaultElementLocator.findElement(DefaultElementLocator.java:68)
	at org.openqa.selenium.support.pagefactory.internal.LocatingElementHandler.invoke(LocatingElementHandler.java:38)
	at jdk.proxy2/jdk.proxy2.$Proxy13.sendKeys(Unknown Source)
	at com.pages.LoginPage.validate_reset_button(LoginPage.java:52)
	at com.banking.test.LoginTest.reset_button(LoginTest.java:53)
	at java.base/java.util.ArrayList.forEach(ArrayList.java:1511)
... Removed 32 stack frames
</div> <!-- stack-trace -->
                </div> <!-- method-content -->
              </div> <!-- method -->
            </div> <!-- main-panel-content rounded-window-bottom -->
          </div> <!-- suite-Banking_Automation-class-failed -->
          <div class="suite-Banking_Automation-class-passed">
            <div class="main-panel-header rounded-window-top">
              <img src="passed.png"/>
              <span class="class-name">com.banking.test.EditCustomerTest</span>
            </div> <!-- main-panel-header rounded-window-top -->
            <div class="main-panel-content rounded-window-bottom">
              <div class="method">
                <div class="method-content">
                  <a name="redirectHome_Test">
                  </a> <!-- redirectHome_Test -->
                  <span class="method-name">redirectHome_Test</span>
                </div> <!-- method-content -->
              </div> <!-- method -->
              <div class="method">
                <div class="method-content">
                  <a name="validateEditCustomerForm_field_Test(, Customer ID is required)">
                  </a> <!-- validateEditCustomerForm_field_Test(, Customer ID is required) -->
                  <span class="method-name">validateEditCustomerForm_field_Test</span>
                  <span class="parameters">(,Customer ID is required)</span>
                </div> <!-- method-content -->
              </div> <!-- method -->
              <div class="method">
                <div class="method-content">
                  <a name="validateEditCustomerForm_field_Test(abcdefg, Characters are not allowed)">
                  </a> <!-- validateEditCustomerForm_field_Test(abcdefg, Characters are not allowed) -->
                  <span class="method-name">validateEditCustomerForm_field_Test</span>
                  <span class="parameters">(abcdefg,Characters are not allowed)</span>
                </div> <!-- method-content -->
              </div> <!-- method -->
            </div> <!-- main-panel-content rounded-window-bottom -->
          </div> <!-- suite-Banking_Automation-class-passed -->
          <div class="suite-Banking_Automation-class-passed">
            <div class="main-panel-header rounded-window-top">
              <img src="passed.png"/>
              <span class="class-name">com.banking.test.NewCustomerTest</span>
            </div> <!-- main-panel-header rounded-window-top -->
            <div class="main-panel-content rounded-window-bottom">
              <div class="method">
                <div class="method-content">
                  <a name="Validate_addCustomer_Form_Test">
                  </a> <!-- Validate_addCustomer_Form_Test -->
                  <span class="method-name">Validate_addCustomer_Form_Test</span>
                </div> <!-- method-content -->
              </div> <!-- method -->
              <div class="method">
                <div class="method-content">
                  <a name="validateformfield_test(parag kakad , Nashik , Nashik,  , 422003, 9422982240, kakad@gmail.com, parag127)">
                  </a> <!-- validateformfield_test(parag kakad , Nashik , Nashik,  , 422003, 9422982240, kakad@gmail.com, parag127) -->
                  <span class="method-name">validateformfield_test</span>
                  <span class="parameters">(parag kakad ,Nashik ,Nashik, ,422003,9422982240,kakad@gmail.com,parag127)</span>
                </div> <!-- method-content -->
              </div> <!-- method -->
              <div class="method">
                <div class="method-content">
                  <a name="validateformfield_test(parag kakad , Nashik ,  , MH, 422003, 9422982240, kakad@gmail.com, parag126)">
                  </a> <!-- validateformfield_test(parag kakad , Nashik ,  , MH, 422003, 9422982240, kakad@gmail.com, parag126) -->
                  <span class="method-name">validateformfield_test</span>
                  <span class="parameters">(parag kakad ,Nashik , ,MH,422003,9422982240,kakad@gmail.com,parag126)</span>
                </div> <!-- method-content -->
              </div> <!-- method -->
              <div class="method">
                <div class="method-content">
                  <a name="validateformfield_test(parag kakad , Nashik , Nashik, MH, 422003, 9422982240, kakad@gmail.com,  )">
                  </a> <!-- validateformfield_test(parag kakad , Nashik , Nashik, MH, 422003, 9422982240, kakad@gmail.com,  ) -->
                  <span class="method-name">validateformfield_test</span>
                  <span class="parameters">(parag kakad ,Nashik ,Nashik,MH,422003,9422982240,kakad@gmail.com, )</span>
                </div> <!-- method-content -->
              </div> <!-- method -->
              <div class="method">
                <div class="method-content">
                  <a name="validateformfield_test(parag kakad , Nashik , Nashik, MH, 422003,  , , parag129)">
                  </a> <!-- validateformfield_test(parag kakad , Nashik , Nashik, MH, 422003,  , , parag129) -->
                  <span class="method-name">validateformfield_test</span>
                  <span class="parameters">(parag kakad ,Nashik ,Nashik,MH,422003, ,,parag129)</span>
                </div> <!-- method-content -->
              </div> <!-- method -->
              <div class="method">
                <div class="method-content">
                  <a name="validateformfield_test(parag kakad , Nashik , Nashik, MH, 422003, 9422982240, kakad@gmail.com, parag123)">
                  </a> <!-- validateformfield_test(parag kakad , Nashik , Nashik, MH, 422003, 9422982240, kakad@gmail.com, parag123) -->
                  <span class="method-name">validateformfield_test</span>
                  <span class="parameters">(parag kakad ,Nashik ,Nashik,MH,422003,9422982240,kakad@gmail.com,parag123)</span>
                </div> <!-- method-content -->
              </div> <!-- method -->
              <div class="method">
                <div class="method-content">
                  <a name="validateformfield_test( , Nashik , Nashik, MH, 422003, 9422982240, kakad@gmail.com, parag124)">
                  </a> <!-- validateformfield_test( , Nashik , Nashik, MH, 422003, 9422982240, kakad@gmail.com, parag124) -->
                  <span class="method-name">validateformfield_test</span>
                  <span class="parameters">( ,Nashik ,Nashik,MH,422003,9422982240,kakad@gmail.com,parag124)</span>
                </div> <!-- method-content -->
              </div> <!-- method -->
              <div class="method">
                <div class="method-content">
                  <a name="validateformfield_test(parag kakad , Nashik , Nashik, MH,  , 9422982240, kakad@gmail.com, parag128)">
                  </a> <!-- validateformfield_test(parag kakad , Nashik , Nashik, MH,  , 9422982240, kakad@gmail.com, parag128) -->
                  <span class="method-name">validateformfield_test</span>
                  <span class="parameters">(parag kakad ,Nashik ,Nashik,MH, ,9422982240,kakad@gmail.com,parag128)</span>
                </div> <!-- method-content -->
              </div> <!-- method -->
              <div class="method">
                <div class="method-content">
                  <a name="validateformfield_test(parag kakad ,  , Nashik, MH, 422003, 9422982240, kakad@gmail.com, parag125)">
                  </a> <!-- validateformfield_test(parag kakad ,  , Nashik, MH, 422003, 9422982240, kakad@gmail.com, parag125) -->
                  <span class="method-name">validateformfield_test</span>
                  <span class="parameters">(parag kakad , ,Nashik,MH,422003,9422982240,kakad@gmail.com,parag125)</span>
                </div> <!-- method-content -->
              </div> <!-- method -->
            </div> <!-- main-panel-content rounded-window-bottom -->
          </div> <!-- suite-Banking_Automation-class-passed -->
          <div class="suite-Banking_Automation-class-passed">
            <div class="main-panel-header rounded-window-top">
              <img src="passed.png"/>
              <span class="class-name">com.banking.test.HomepageTest</span>
            </div> <!-- main-panel-header rounded-window-top -->
            <div class="main-panel-content rounded-window-bottom">
              <div class="method">
                <div class="method-content">
                  <a name="VerifyBalEnquiryPage_Test">
                  </a> <!-- VerifyBalEnquiryPage_Test -->
                  <span class="method-name">VerifyBalEnquiryPage_Test</span>
                </div> <!-- method-content -->
              </div> <!-- method -->
              <div class="method">
                <div class="method-content">
                  <a name="VerifyCustomizeStatementPage_Test">
                  </a> <!-- VerifyCustomizeStatementPage_Test -->
                  <span class="method-name">VerifyCustomizeStatementPage_Test</span>
                </div> <!-- method-content -->
              </div> <!-- method -->
              <div class="method">
                <div class="method-content">
                  <a name="VerifyEditCustmerPage_Test">
                  </a> <!-- VerifyEditCustmerPage_Test -->
                  <span class="method-name">VerifyEditCustmerPage_Test</span>
                </div> <!-- method-content -->
              </div> <!-- method -->
              <div class="method">
                <div class="method-content">
                  <a name="VerifyMiniStatementPage_Test">
                  </a> <!-- VerifyMiniStatementPage_Test -->
                  <span class="method-name">VerifyMiniStatementPage_Test</span>
                </div> <!-- method-content -->
              </div> <!-- method -->
              <div class="method">
                <div class="method-content">
                  <a name="VerifyNewCustmerPage_Test">
                  </a> <!-- VerifyNewCustmerPage_Test -->
                  <span class="method-name">VerifyNewCustmerPage_Test</span>
                </div> <!-- method-content -->
              </div> <!-- method -->
              <div class="method">
                <div class="method-content">
                  <a name="verifyHomePagetitle_Test">
                  </a> <!-- verifyHomePagetitle_Test -->
                  <span class="method-name">verifyHomePagetitle_Test</span>
                </div> <!-- method-content -->
              </div> <!-- method -->
            </div> <!-- main-panel-content rounded-window-bottom -->
          </div> <!-- suite-Banking_Automation-class-passed -->
          <div class="suite-Banking_Automation-class-passed">
            <div class="main-panel-header rounded-window-top">
              <img src="passed.png"/>
              <span class="class-name">com.banking.test.LoginTest</span>
            </div> <!-- main-panel-header rounded-window-top -->
            <div class="main-panel-content rounded-window-bottom">
              <div class="method">
                <div class="method-content">
                  <a name="loginValidCredentials_test">
                  </a> <!-- loginValidCredentials_test -->
                  <span class="method-name">loginValidCredentials_test</span>
                </div> <!-- method-content -->
              </div> <!-- method -->
              <div class="method">
                <div class="method-content">
                  <a name="login_page_title">
                  </a> <!-- login_page_title -->
                  <span class="method-name">login_page_title</span>
                </div> <!-- method-content -->
              </div> <!-- method -->
            </div> <!-- main-panel-content rounded-window-bottom -->
          </div> <!-- suite-Banking_Automation-class-passed -->
        </div> <!-- panel Banking_Automation -->
        <div panel-name="test-xml-Banking_Automation" class="panel">
          <div class="main-panel-header rounded-window-top">
            <span class="header-content">C:\Users\DELL\Desktop\jun11\Banking_automation\testng.xml</span>
          </div> <!-- main-panel-header rounded-window-top -->
          <div class="main-panel-content rounded-window-bottom">
            <pre>
&lt;?xml version=&quot;1.0&quot; encoding=&quot;UTF-8&quot;?&gt;
&lt;!DOCTYPE suite SYSTEM &quot;https://testng.org/testng-1.0.dtd&quot;&gt;
&lt;suite name=&quot;Banking Automation&quot; guice-stage=&quot;DEVELOPMENT&quot;&gt;
  &lt;test thread-count=&quot;2&quot; name=&quot;Test&quot;&gt;
    &lt;classes&gt;
      &lt;class name=&quot;com.banking.test.HomepageTest&quot;/&gt;
      &lt;class name=&quot;com.banking.test.NewCustomerTest&quot;/&gt;
      &lt;class name=&quot;com.banking.test.LoginTest&quot;/&gt;
      &lt;class name=&quot;com.banking.test.NewAccountTest&quot;/&gt;
      &lt;class name=&quot;com.banking.test.EditCustomerTest&quot;/&gt;
      &lt;class name=&quot;com.banking.test.ChangePwdTest&quot;/&gt;
    &lt;/classes&gt;
  &lt;/test&gt; &lt;!-- Test --&gt;
&lt;/suite&gt; &lt;!-- Banking Automation --&gt;
            </pre>
          </div> <!-- main-panel-content rounded-window-bottom -->
        </div> <!-- panel -->
        <div panel-name="testlist-Banking_Automation" class="panel">
          <div class="main-panel-header rounded-window-top">
            <span class="header-content">Tests for Banking Automation</span>
          </div> <!-- main-panel-header rounded-window-top -->
          <div class="main-panel-content rounded-window-bottom">
            <ul>
              <li>
                <span class="test-name">Test (6 classes)</span>
              </li>
            </ul>
          </div> <!-- main-panel-content rounded-window-bottom -->
        </div> <!-- panel -->
        <div panel-name="group-Banking_Automation" class="panel">
          <div class="main-panel-header rounded-window-top">
            <span class="header-content">Groups for Banking Automation</span>
          </div> <!-- main-panel-header rounded-window-top -->
          <div class="main-panel-content rounded-window-bottom">
          </div> <!-- main-panel-content rounded-window-bottom -->
        </div> <!-- panel -->
        <div panel-name="times-Banking_Automation" class="panel">
          <div class="main-panel-header rounded-window-top">
            <span class="header-content">Times for Banking Automation</span>
          </div> <!-- main-panel-header rounded-window-top -->
          <div class="main-panel-content rounded-window-bottom">
            <div class="times-div">
              <script type="text/javascript">
suiteTableInitFunctions.push('tableData_Banking_Automation');
function tableData_Banking_Automation() {
var data = new google.visualization.DataTable();
data.addColumn('number', 'Number');
data.addColumn('string', 'Method');
data.addColumn('string', 'Class');
data.addColumn('number', 'Time (ms)');
data.addRows(41);
data.setCell(0, 0, 0)
data.setCell(0, 1, 'reset_button')
data.setCell(0, 2, 'com.banking.test.LoginTest')
data.setCell(0, 3, 10023);
data.setCell(1, 0, 1)
data.setCell(1, 1, 'Validate_addCustomer_Form_Test')
data.setCell(1, 2, 'com.banking.test.NewCustomerTest')
data.setCell(1, 3, 3807);
data.setCell(2, 0, 2)
data.setCell(2, 1, 'VerifyNewCustmerPage_Test')
data.setCell(2, 2, 'com.banking.test.HomepageTest')
data.setCell(2, 3, 1951);
data.setCell(3, 0, 3)
data.setCell(3, 1, 'verify_New_Accountform_Test')
data.setCell(3, 2, 'com.banking.test.NewAccountTest')
data.setCell(3, 3, 1860);
data.setCell(4, 0, 4)
data.setCell(4, 1, 'invalid_credentials_test')
data.setCell(4, 2, 'com.banking.test.LoginTest')
data.setCell(4, 3, 1616);
data.setCell(5, 0, 5)
data.setCell(5, 1, 'VerifyWithdrawalPage_Test')
data.setCell(5, 2, 'com.banking.test.HomepageTest')
data.setCell(5, 3, 1472);
data.setCell(6, 0, 6)
data.setCell(6, 1, 'VerifyMiniStatementPage_Test')
data.setCell(6, 2, 'com.banking.test.HomepageTest')
data.setCell(6, 3, 1459);
data.setCell(7, 0, 7)
data.setCell(7, 1, 'redirectHome_Test')
data.setCell(7, 2, 'com.banking.test.EditCustomerTest')
data.setCell(7, 3, 1312);
data.setCell(8, 0, 8)
data.setCell(8, 1, 'VerifyCustomizeStatementPage_Test')
data.setCell(8, 2, 'com.banking.test.HomepageTest')
data.setCell(8, 3, 1257);
data.setCell(9, 0, 9)
data.setCell(9, 1, 'VerifyFundTransferPage_Test')
data.setCell(9, 2, 'com.banking.test.HomepageTest')
data.setCell(9, 3, 1180);
data.setCell(10, 0, 10)
data.setCell(10, 1, 'VerifyChnagePassrPage_Test')
data.setCell(10, 2, 'com.banking.test.HomepageTest')
data.setCell(10, 3, 1163);
data.setCell(11, 0, 11)
data.setCell(11, 1, 'VerifyLogoutButton_test')
data.setCell(11, 2, 'com.banking.test.HomepageTest')
data.setCell(11, 3, 1154);
data.setCell(12, 0, 12)
data.setCell(12, 1, 'loginValidCredentials_test')
data.setCell(12, 2, 'com.banking.test.LoginTest')
data.setCell(12, 3, 1117);
data.setCell(13, 0, 13)
data.setCell(13, 1, 'VerifyEditCustmerPage_Test')
data.setCell(13, 2, 'com.banking.test.HomepageTest')
data.setCell(13, 3, 1115);
data.setCell(14, 0, 14)
data.setCell(14, 1, 'VerifyBalEnquiryPage_Test')
data.setCell(14, 2, 'com.banking.test.HomepageTest')
data.setCell(14, 3, 1014);
data.setCell(15, 0, 15)
data.setCell(15, 1, 'login_page_title')
data.setCell(15, 2, 'com.banking.test.LoginTest')
data.setCell(15, 3, 734);
data.setCell(16, 0, 16)
data.setCell(16, 1, 'verify_New_Accountform_Test')
data.setCell(16, 2, 'com.banking.test.NewAccountTest')
data.setCell(16, 3, 671);
data.setCell(17, 0, 17)
data.setCell(17, 1, 'validate_chng_pwd_test')
data.setCell(17, 2, 'com.banking.test.ChangePwdTest')
data.setCell(17, 3, 651);
data.setCell(18, 0, 18)
data.setCell(18, 1, 'verifyHomePagetitle_Test')
data.setCell(18, 2, 'com.banking.test.HomepageTest')
data.setCell(18, 3, 638);
data.setCell(19, 0, 19)
data.setCell(19, 1, 'invalid_credentials_test')
data.setCell(19, 2, 'com.banking.test.LoginTest')
data.setCell(19, 3, 605);
data.setCell(20, 0, 20)
data.setCell(20, 1, 'validateEditCustomerForm_field_Test')
data.setCell(20, 2, 'com.banking.test.EditCustomerTest')
data.setCell(20, 3, 169);
data.setCell(21, 0, 21)
data.setCell(21, 1, 'validateEditCustomerForm_field_Test')
data.setCell(21, 2, 'com.banking.test.EditCustomerTest')
data.setCell(21, 3, 141);
data.setCell(22, 0, 22)
data.setCell(22, 1, 'validateEditCustomerForm_field_Test')
data.setCell(22, 2, 'com.banking.test.EditCustomerTest')
data.setCell(22, 3, 130);
data.setCell(23, 0, 23)
data.setCell(23, 1, 'validateEditCustomerForm_field_Test')
data.setCell(23, 2, 'com.banking.test.EditCustomerTest')
data.setCell(23, 3, 128);
data.setCell(24, 0, 24)
data.setCell(24, 1, 'validateEditCustomerForm_field_Test')
data.setCell(24, 2, 'com.banking.test.EditCustomerTest')
data.setCell(24, 3, 112);
data.setCell(25, 0, 25)
data.setCell(25, 1, 'validateEditCustomerForm_field_Test')
data.setCell(25, 2, 'com.banking.test.EditCustomerTest')
data.setCell(25, 3, 102);
data.setCell(26, 0, 26)
data.setCell(26, 1, 'validate_chng_pwd_test')
data.setCell(26, 2, 'com.banking.test.ChangePwdTest')
data.setCell(26, 3, 33);
data.setCell(27, 0, 27)
data.setCell(27, 1, 'verify_New_Accountform_Test')
data.setCell(27, 2, 'com.banking.test.NewAccountTest')
data.setCell(27, 3, 21);
data.setCell(28, 0, 28)
data.setCell(28, 1, 'invalid_credentials_test')
data.setCell(28, 2, 'com.banking.test.LoginTest')
data.setCell(28, 3, 17);
data.setCell(29, 0, 29)
data.setCell(29, 1, 'invalid_credentials_test')
data.setCell(29, 2, 'com.banking.test.LoginTest')
data.setCell(29, 3, 14);
data.setCell(30, 0, 30)
data.setCell(30, 1, 'verify_New_Accountform_Test')
data.setCell(30, 2, 'com.banking.test.NewAccountTest')
data.setCell(30, 3, 10);
data.setCell(31, 0, 31)
data.setCell(31, 1, 'invalid_credentials_test')
data.setCell(31, 2, 'com.banking.test.LoginTest')
data.setCell(31, 3, 7);
data.setCell(32, 0, 32)
data.setCell(32, 1, 'validate_chng_pwd_test')
data.setCell(32, 2, 'com.banking.test.ChangePwdTest')
data.setCell(32, 3, 7);
data.setCell(33, 0, 33)
data.setCell(33, 1, 'validateformfield_test')
data.setCell(33, 2, 'com.banking.test.NewCustomerTest')
data.setCell(33, 3, 6);
data.setCell(34, 0, 34)
data.setCell(34, 1, 'validateformfield_test')
data.setCell(34, 2, 'com.banking.test.NewCustomerTest')
data.setCell(34, 3, 2);
data.setCell(35, 0, 35)
data.setCell(35, 1, 'validateformfield_test')
data.setCell(35, 2, 'com.banking.test.NewCustomerTest')
data.setCell(35, 3, 1);
data.setCell(36, 0, 36)
data.setCell(36, 1, 'validateformfield_test')
data.setCell(36, 2, 'com.banking.test.NewCustomerTest')
data.setCell(36, 3, 1);
data.setCell(37, 0, 37)
data.setCell(37, 1, 'validateformfield_test')
data.setCell(37, 2, 'com.banking.test.NewCustomerTest')
data.setCell(37, 3, 0);
data.setCell(38, 0, 38)
data.setCell(38, 1, 'validateformfield_test')
data.setCell(38, 2, 'com.banking.test.NewCustomerTest')
data.setCell(38, 3, 0);
data.setCell(39, 0, 39)
data.setCell(39, 1, 'validateformfield_test')
data.setCell(39, 2, 'com.banking.test.NewCustomerTest')
data.setCell(39, 3, 0);
data.setCell(40, 0, 40)
data.setCell(40, 1, 'validateformfield_test')
data.setCell(40, 2, 'com.banking.test.NewCustomerTest')
data.setCell(40, 3, 0);
window.suiteTableData['Banking_Automation']= { tableData: data, tableDiv: 'times-div-Banking_Automation'}
return data;
}
              </script>
              <span class="suite-total-time">Total running time: 35 seconds</span>
              <div id="times-div-Banking_Automation">
              </div> <!-- times-div-Banking_Automation -->
            </div> <!-- times-div -->
          </div> <!-- main-panel-content rounded-window-bottom -->
        </div> <!-- panel -->
        <div panel-name="reporter-Banking_Automation" class="panel">
          <div class="main-panel-header rounded-window-top">
            <span class="header-content">Reporter output for Banking Automation</span>
          </div> <!-- main-panel-header rounded-window-top -->
          <div class="main-panel-content rounded-window-bottom">
          </div> <!-- main-panel-content rounded-window-bottom -->
        </div> <!-- panel -->
        <div panel-name="ignored-methods-Banking_Automation" class="panel">
          <div class="main-panel-header rounded-window-top">
            <span class="header-content">4 ignored methods</span>
          </div> <!-- main-panel-header rounded-window-top -->
          <div class="main-panel-content rounded-window-bottom">
            <div class="ignored-class-div">
              <span class="ignored-class-name">com.banking.test.HomepageTest</span>
              <div class="ignored-methods-div">
                <span class="ignored-method-name">VerifyEditAccountPage_Test</span>
                <br/>
                <span class="ignored-method-name">VerifyDeleteAccountPage_Test</span>
                <br/>
                <span class="ignored-method-name">VerifyDeletetCustmerPage_Test</span>
                <br/>
                <span class="ignored-method-name">VerifyNewAccountPage_Test</span>
                <br/>
              </div> <!-- ignored-methods-div -->
            </div> <!-- ignored-class-div -->
          </div> <!-- main-panel-content rounded-window-bottom -->
        </div> <!-- panel -->
        <div panel-name="chronological-Banking_Automation" class="panel">
          <div class="main-panel-header rounded-window-top">
            <span class="header-content">Methods in chronological order</span>
          </div> <!-- main-panel-header rounded-window-top -->
          <div class="main-panel-content rounded-window-bottom">
            <div class="chronological-class">
              <div class="chronological-class-name">com.banking.test.HomepageTest</div> <!-- chronological-class-name -->
              <div class="configuration-class before">
                <span class="method-name">initilzation</span>
                <span class="method-start">0 ms</span>
              </div> <!-- configuration-class before -->
              <div class="configuration-class before">
                <span class="method-name">setup</span>
                <span class="method-start">9066 ms</span>
              </div> <!-- configuration-class before -->
              <div class="test-method">
                <span class="method-name">verifyHomePagetitle_Test</span>
                <span class="method-start">9731 ms</span>
              </div> <!-- test-method -->
              <div class="test-method">
                <span class="method-name">VerifyNewCustmerPage_Test</span>
                <span class="method-start">10376 ms</span>
              </div> <!-- test-method -->
              <div class="test-method">
                <span class="method-name">VerifyEditCustmerPage_Test</span>
                <span class="method-start">12327 ms</span>
              </div> <!-- test-method -->
              <div class="test-method">
                <img src="failed.png">
                </img>
                <span class="method-name">VerifyWithdrawalPage_Test</span>
                <span class="method-start">13442 ms</span>
              </div> <!-- test-method -->
              <div class="test-method">
                <img src="failed.png">
                </img>
                <span class="method-name">VerifyFundTransferPage_Test</span>
                <span class="method-start">14914 ms</span>
              </div> <!-- test-method -->
              <div class="test-method">
                <img src="failed.png">
                </img>
                <span class="method-name">VerifyChnagePassrPage_Test</span>
                <span class="method-start">16110 ms</span>
              </div> <!-- test-method -->
              <div class="test-method">
                <span class="method-name">VerifyBalEnquiryPage_Test</span>
                <span class="method-start">17283 ms</span>
              </div> <!-- test-method -->
              <div class="test-method">
                <span class="method-name">VerifyMiniStatementPage_Test</span>
                <span class="method-start">18297 ms</span>
              </div> <!-- test-method -->
              <div class="test-method">
                <span class="method-name">VerifyCustomizeStatementPage_Test</span>
                <span class="method-start">19758 ms</span>
              </div> <!-- test-method -->
              <div class="test-method">
                <img src="failed.png">
                </img>
                <span class="method-name">VerifyLogoutButton_test</span>
                <span class="method-start">21017 ms</span>
              </div> <!-- test-method -->
              <div class="configuration-class after">
                <span class="method-name">teardown</span>
                <span class="method-start">22178 ms</span>
              </div> <!-- configuration-class after -->
              <div class="configuration-class after">
                <span class="method-name">tearDown</span>
                <span class="method-start">22321 ms</span>
              </div> <!-- configuration-class after -->
            </div> <!-- chronological-class -->
            <div class="chronological-class">
              <div class="chronological-class-name">com.banking.test.NewCustomerTest</div> <!-- chronological-class-name -->
              <div class="configuration-class before">
                <span class="method-name">initilzation</span>
                <span class="method-start">22322 ms</span>
              </div> <!-- configuration-class before -->
              <div class="configuration-class before">
                <span class="method-name">setup</span>
                <span class="method-start">28212 ms</span>
              </div> <!-- configuration-class before -->
              <div class="test-method">
                <span class="method-name">Validate_addCustomer_Form_Test</span>
                <span class="method-start">30556 ms</span>
              </div> <!-- test-method -->
              <div class="test-method">
                <span class="method-name">validateformfield_test(parag kakad , Nashik , Nashik, MH, 422003, 9422982240, kakad@gmail.com, parag123)</span>
                <span class="method-start">35967 ms</span>
              </div> <!-- test-method -->
              <div class="test-method">
                <span class="method-name">validateformfield_test(parag kakad ,  , Nashik, MH, 422003, 9422982240, kakad@gmail.com, parag125)</span>
                <span class="method-start">35974 ms</span>
              </div> <!-- test-method -->
              <div class="test-method">
                <span class="method-name">validateformfield_test( , Nashik , Nashik, MH, 422003, 9422982240, kakad@gmail.com, parag124)</span>
                <span class="method-start">35974 ms</span>
              </div> <!-- test-method -->
              <div class="test-method">
                <span class="method-name">validateformfield_test(parag kakad , Nashik , Nashik,  , 422003, 9422982240, kakad@gmail.com, parag127)</span>
                <span class="method-start">35979 ms</span>
              </div> <!-- test-method -->
              <div class="test-method">
                <span class="method-name">validateformfield_test(parag kakad , Nashik ,  , MH, 422003, 9422982240, kakad@gmail.com, parag126)</span>
                <span class="method-start">35979 ms</span>
              </div> <!-- test-method -->
              <div class="test-method">
                <span class="method-name">validateformfield_test(parag kakad , Nashik , Nashik, MH,  , 9422982240, kakad@gmail.com, parag128)</span>
                <span class="method-start">35983 ms</span>
              </div> <!-- test-method -->
              <div class="test-method">
                <span class="method-name">validateformfield_test(parag kakad , Nashik , Nashik, MH, 422003,  , , parag129)</span>
                <span class="method-start">35987 ms</span>
              </div> <!-- test-method -->
              <div class="test-method">
                <span class="method-name">validateformfield_test(parag kakad , Nashik , Nashik, MH, 422003, 9422982240, kakad@gmail.com,  )</span>
                <span class="method-start">35990 ms</span>
              </div> <!-- test-method -->
              <div class="configuration-class after">
                <span class="method-name">teardown</span>
                <span class="method-start">35991 ms</span>
              </div> <!-- configuration-class after -->
            </div> <!-- chronological-class -->
            <div class="chronological-class">
              <div class="chronological-class-name">com.banking.test.LoginTest</div> <!-- chronological-class-name -->
              <div class="configuration-class before">
                <span class="method-name">initilzation</span>
                <span class="method-start">37841 ms</span>
              </div> <!-- configuration-class before -->
            </div> <!-- chronological-class -->
            <div class="chronological-class">
              <div class="chronological-class-name">com.banking.test.NewCustomerTest</div> <!-- chronological-class-name -->
              <div class="configuration-class after">
                <span class="method-name">tearDown</span>
                <span class="method-start">37841 ms</span>
              </div> <!-- configuration-class after -->
            </div> <!-- chronological-class -->
            <div class="chronological-class">
              <div class="chronological-class-name">com.banking.test.LoginTest</div> <!-- chronological-class-name -->
              <div class="configuration-class before">
                <span class="method-name">setup</span>
                <span class="method-start">41268 ms</span>
              </div> <!-- configuration-class before -->
              <div class="test-method">
                <img src="failed.png">
                </img>
                <span class="method-name">invalid_credentials_test(paragk, parag111)</span>
                <span class="method-start">41327 ms</span>
              </div> <!-- test-method -->
              <div class="test-method">
                <img src="failed.png">
                </img>
                <span class="method-name">invalid_credentials_test(parag 122,  )</span>
                <span class="method-start">41942 ms</span>
              </div> <!-- test-method -->
              <div class="test-method">
                <img src="failed.png">
                </img>
                <span class="method-name">invalid_credentials_test( , parag111)</span>
                <span class="method-start">41958 ms</span>
              </div> <!-- test-method -->
              <div class="test-method">
                <img src="failed.png">
                </img>
                <span class="method-name">invalid_credentials_test( mngr625124, upEsYvA)</span>
                <span class="method-start">43576 ms</span>
              </div> <!-- test-method -->
              <div class="test-method">
                <img src="failed.png">
                </img>
                <span class="method-name">invalid_credentials_test( ,  )</span>
                <span class="method-start">43595 ms</span>
              </div> <!-- test-method -->
              <div class="test-method">
                <span class="method-name">login_page_title</span>
                <span class="method-start">43604 ms</span>
              </div> <!-- test-method -->
              <div class="test-method">
                <span class="method-name">loginValidCredentials_test</span>
                <span class="method-start">44341 ms</span>
              </div> <!-- test-method -->
              <div class="test-method">
                <img src="failed.png">
                </img>
                <span class="method-name">reset_button</span>
                <span class="method-start">45459 ms</span>
              </div> <!-- test-method -->
              <div class="configuration-class after">
                <span class="method-name">tearDown</span>
                <span class="method-start">55482 ms</span>
              </div> <!-- configuration-class after -->
            </div> <!-- chronological-class -->
            <div class="chronological-class">
              <div class="chronological-class-name">com.banking.test.NewAccountTest</div> <!-- chronological-class-name -->
              <div class="configuration-class before">
                <span class="method-name">initilzation</span>
                <span class="method-start">55783 ms</span>
              </div> <!-- configuration-class before -->
              <div class="configuration-class before">
                <span class="method-name">envSetup</span>
                <span class="method-start">58696 ms</span>
              </div> <!-- configuration-class before -->
              <div class="test-method">
                <img src="failed.png">
                </img>
                <span class="method-name">verify_New_Accountform_Test(12345, 500)</span>
                <span class="method-start">60652 ms</span>
              </div> <!-- test-method -->
              <div class="test-method">
                <img src="failed.png">
                </img>
                <span class="method-name">verify_New_Accountform_Test(11111, 600)</span>
                <span class="method-start">61325 ms</span>
              </div> <!-- test-method -->
              <div class="test-method">
                <img src="failed.png">
                </img>
                <span class="method-name">verify_New_Accountform_Test(1111, 700)</span>
                <span class="method-start">61347 ms</span>
              </div> <!-- test-method -->
              <div class="test-method">
                <img src="failed.png">
                </img>
                <span class="method-name">verify_New_Accountform_Test(1111, 800)</span>
                <span class="method-start">61359 ms</span>
              </div> <!-- test-method -->
              <div class="configuration-class after">
                <span class="method-name">tearown</span>
                <span class="method-start">63222 ms</span>
              </div> <!-- configuration-class after -->
              <div class="configuration-class after">
                <span class="method-name">tearDown</span>
                <span class="method-start">63437 ms</span>
              </div> <!-- configuration-class after -->
            </div> <!-- chronological-class -->
            <div class="chronological-class">
              <div class="chronological-class-name">com.banking.test.EditCustomerTest</div> <!-- chronological-class-name -->
              <div class="configuration-class before">
                <span class="method-name">initilzation</span>
                <span class="method-start">63438 ms</span>
              </div> <!-- configuration-class before -->
              <div class="configuration-class before">
                <span class="method-name">setup</span>
                <span class="method-start">71601 ms</span>
              </div> <!-- configuration-class before -->
              <div class="test-method">
                <img src="failed.png">
                </img>
                <span class="method-name">validateEditCustomerForm_field_Test(99229922, Customer ID is required)</span>
                <span class="method-start">74958 ms</span>
              </div> <!-- test-method -->
              <div class="test-method">
                <img src="failed.png">
                </img>
                <span class="method-name">validateEditCustomerForm_field_Test(9309975, First character can not have space)</span>
                <span class="method-start">75127 ms</span>
              </div> <!-- test-method -->
              <div class="test-method">
                <span class="method-name">validateEditCustomerForm_field_Test(, Customer ID is required)</span>
                <span class="method-start">75268 ms</span>
              </div> <!-- test-method -->
              <div class="test-method">
                <span class="method-name">validateEditCustomerForm_field_Test(abcdefg, Characters are not allowed)</span>
                <span class="method-start">75380 ms</span>
              </div> <!-- test-method -->
              <div class="test-method">
                <img src="failed.png">
                </img>
                <span class="method-name">validateEditCustomerForm_field_Test( !@#$%,  Special characters are not allowed)</span>
                <span class="method-start">75510 ms</span>
              </div> <!-- test-method -->
              <div class="test-method">
                <img src="failed.png">
                </img>
                <span class="method-name">validateEditCustomerForm_field_Test(, )</span>
                <span class="method-start">75640 ms</span>
              </div> <!-- test-method -->
              <div class="test-method">
                <span class="method-name">redirectHome_Test</span>
                <span class="method-start">75742 ms</span>
              </div> <!-- test-method -->
              <div class="configuration-class after">
                <span class="method-name">teaDown</span>
                <span class="method-start">77054 ms</span>
              </div> <!-- configuration-class after -->
              <div class="configuration-class after">
                <span class="method-name">tearDown</span>
                <span class="method-start">77346 ms</span>
              </div> <!-- configuration-class after -->
            </div> <!-- chronological-class -->
            <div class="chronological-class">
              <div class="chronological-class-name">com.banking.test.ChangePwdTest</div> <!-- chronological-class-name -->
              <div class="configuration-class before">
                <span class="method-name">initilzation</span>
                <span class="method-start">77346 ms</span>
              </div> <!-- configuration-class before -->
              <div class="configuration-class before">
                <span class="method-name">setup</span>
                <span class="method-start">81923 ms</span>
              </div> <!-- configuration-class before -->
              <div class="test-method">
                <img src="failed.png">
                </img>
                <span class="method-name">validate_chng_pwd_test(12345678, 2345678@, 2345678@, Old password is incorrrect)</span>
                <span class="method-start">86715 ms</span>
              </div> <!-- test-method -->
              <div class="test-method">
                <img src="failed.png">
                </img>
                <span class="method-name">validate_chng_pwd_test(123456, abcd, abcdef, Old Password is incorrect)</span>
                <span class="method-start">87368 ms</span>
              </div> <!-- test-method -->
              <div class="test-method">
                <img src="failed.png">
                </img>
                <span class="method-name">validate_chng_pwd_test( " ", , 123456, Please fill all fields)</span>
                <span class="method-start">87402 ms</span>
              </div> <!-- test-method -->
              <div class="configuration-class after">
                <span class="method-name">tearDown</span>
                <span class="method-start">87410 ms</span>
              </div> <!-- configuration-class after -->
          </div> <!-- main-panel-content rounded-window-bottom -->
        </div> <!-- panel -->
      </div> <!-- main-panel-root -->
    </div> <!-- wrapper -->
  </body>
<script type="text/javascript" src="testng-reports2.js"></script>
</html>
